
      0       1 
6795854 2976844 

    -25     -24     -23     -22     -21     -20     -19     -18     -17     -16     -15     -14     -13 
   3738    9243   12780   12944   14558   21804   22994   31191   33785   36602   40717   64917   83527 
    -12     -11     -10      -9      -8      -7      -6      -5      -4      -3      -2      -1       0 
  87563   89897   91614   91614   92166   93665   97160   99785  103935  109506  111220  112538 6910348 
      1       2       3       4       5       6       7       8       9      10      11      12      13 
 110756  105251  101714  101550   99936   92690   91500   83303   80709   77892   73777   49577   30967 
     14      15      16      17      18      19      20      21      22      23      24      25 
  26931   24597   22880   22880   22328   20829   17334   14709   10559    4988    3274    1956 

    730     731     732     733     734     735     736     737     738     740     741     742     743 
  50856   34268   44564  144846  107900   68250   90870   38974   14352   44642   60684  104936  483860 
    744     745     746     747     748     749     750     751     752     753     754     755   1e+06 
 629200  106990   73242   67444  213122   30940  188396   41964    4264   91962  143130   97188 6795854 
null device 
          1 
null device 
          1 
null device 
          1 
null device 
          1 
null device 
          1 
null device 
          1 
null device 
          1 
null device 
          1 
null device 
          1 
null device 
          1 
null device 
          1 
null device 
          1 
null device 
          1 
