------------------------------------------------------------------------------------------------------------------------------------
      name:  <unnamed>
       log:  D:\PIX_Matheus\Stata\log\description_ce_ibge_bcb.dta.log
  log type:  text
 opened on:  16 Sep 2022, 22:21:05
ce_ibge_bcb.dta

Contains data from D:\PIX_Matheus\Stata\dta\ce_ibge_bcb.dta
 Observations:           184                  
    Variables:             3                  13 Sep 2022 17:38
------------------------------------------------------------------------------------------------------------------------------------
Variable      Storage   Display    Value
    name         type    format    label      Variable label
------------------------------------------------------------------------------------------------------------------------------------
id_municipio    long    %10.0g                
id_municipio_~b long    %10.0g                id_municipio_bcb
sigla_uf        str2    %9s                   
------------------------------------------------------------------------------------------------------------------------------------
Sorted by: 

------------------------------------------------------------------------------------------------------------------------------------
id_municipio                                                                                                             (unlabeled)
------------------------------------------------------------------------------------------------------------------------------------

                  Type: Numeric (long)

                 Range: [2300101,2314102]             Units: 1
         Unique values: 184                       Missing .: 0/184

                  Mean: 2.3e+06
             Std. dev.: 4038.66

           Percentiles:     10%       25%       50%       75%       90%
                        2.3e+06   2.3e+06   2.3e+06   2.3e+06   2.3e+06

------------------------------------------------------------------------------------------------------------------------------------
id_municipio_bcb                                                                                                    id_municipio_bcb
------------------------------------------------------------------------------------------------------------------------------------

                  Type: Numeric (long)

                 Range: [1559,55512]                  Units: 1
         Unique values: 184                       Missing .: 0/184

                  Mean: 26343.3
             Std. dev.: 14225.2

           Percentiles:     10%       25%       50%       75%       90%
                           7577   13612.5   26757.5   40070.5     43500

------------------------------------------------------------------------------------------------------------------------------------
sigla_uf                                                                                                                 (unlabeled)
------------------------------------------------------------------------------------------------------------------------------------

                  Type: String (str2)

         Unique values: 1                         Missing "": 0/184

            Tabulation: Freq.  Value
                          184  "CE"

id_municipio:                                   Number of observations
---------------                        ---------------------------------------
                                             Total      Integers   Nonintegers
|      #                     Negative            -             -             -
|      #                     Zero                -             -             -
|  #   #   #   #   #         Positive          184           184             -
|  #   #   #   #   #                   -----------   -----------   -----------
|  #   #   #   #   #         Total             184           184             -
|  #   #   #   #   #         Missing             -
+----------------------                -----------
2300101         2314102                        184
(More than 99 unique values)

id_municipio_bcb:  id_municipio_bcb             Number of observations
-----------------------------------    ---------------------------------------
                                             Total      Integers   Nonintegers
|              #             Negative            -             -             -
|              #             Zero                -             -             -
|  #   #       #             Positive          184           184             -
|  #   #   #   #                       -----------   -----------   -----------
|  #   #   #   #             Total             184           184             -
|  #   #   #   #   #         Missing             -
+----------------------                -----------
1559              55512                        184
(More than 99 unique values)

sigla_uf:                                       Number of observations
-----------                            ---------------------------------------
                                             Total      Integers   Nonintegers
|                            Negative            -             -             -
|                            Zero                -             -             -
|                            Positive            -             -             -
|                                      -----------   -----------   -----------
|                            Total               -             -             -
|                            Missing           184
+----------------------                -----------
.             -9.0e+307                        184
   (0 unique value)

                        id_municipio
-------------------------------------------------------------
      Percentiles      Smallest
 1%      2300150        2300101
 5%      2300804        2300150
10%      2301604        2300200       Obs                 184
25%      2303919        2300309       Sum of wgt.         184

50%      2306752                      Mean            2307039
                        Largest       Std. dev.      4038.662
75%      2310655        2313906
90%      2312809        2313955       Variance       1.63e+07
95%      2313500        2314003       Skewness       .0770861
99%      2314003        2314102       Kurtosis       1.834073

                      id_municipio_bcb
-------------------------------------------------------------
      Percentiles      Smallest
 1%         1652           1559
 5%         4501           1652
10%         7577           2022       Obs                 184
25%      13612.5           2273       Sum of wgt.         184

50%      26757.5                      Mean           26343.27
                        Largest       Std. dev.      14225.16
75%      40070.5          51066
90%        43500          51107       Variance       2.02e+08
95%        44877          51114       Skewness      -.0409718
99%        51114          55512       Kurtosis       1.761429

                          sigla_uf
-------------------------------------------------------------
no observations

id_municipi |
          o |      Freq.     Percent        Cum.
------------+-----------------------------------
    2300101 |          1        0.54        0.54
    2300150 |          1        0.54        1.09
    2300200 |          1        0.54        1.63
    2300309 |          1        0.54        2.17
    2300408 |          1        0.54        2.72
    2300507 |          1        0.54        3.26
    2300606 |          1        0.54        3.80
    2300705 |          1        0.54        4.35
    2300754 |          1        0.54        4.89
    2300804 |          1        0.54        5.43
    2300903 |          1        0.54        5.98
    2301000 |          1        0.54        6.52
    2301109 |          1        0.54        7.07
    2301208 |          1        0.54        7.61
    2301257 |          1        0.54        8.15
    2301307 |          1        0.54        8.70
    2301406 |          1        0.54        9.24
    2301505 |          1        0.54        9.78
    2301604 |          1        0.54       10.33
    2301703 |          1        0.54       10.87
    2301802 |          1        0.54       11.41
    2301851 |          1        0.54       11.96
    2301901 |          1        0.54       12.50
    2301950 |          1        0.54       13.04
    2302008 |          1        0.54       13.59
    2302057 |          1        0.54       14.13
    2302107 |          1        0.54       14.67
    2302206 |          1        0.54       15.22
    2302305 |          1        0.54       15.76
    2302404 |          1        0.54       16.30
    2302503 |          1        0.54       16.85
    2302602 |          1        0.54       17.39
    2302701 |          1        0.54       17.93
    2302800 |          1        0.54       18.48
    2302909 |          1        0.54       19.02
    2303006 |          1        0.54       19.57
    2303105 |          1        0.54       20.11
    2303204 |          1        0.54       20.65
    2303303 |          1        0.54       21.20
    2303402 |          1        0.54       21.74
    2303501 |          1        0.54       22.28
    2303600 |          1        0.54       22.83
    2303659 |          1        0.54       23.37
    2303709 |          1        0.54       23.91
    2303808 |          1        0.54       24.46
    2303907 |          1        0.54       25.00
    2303931 |          1        0.54       25.54
    2303956 |          1        0.54       26.09
    2304004 |          1        0.54       26.63
    2304103 |          1        0.54       27.17
    2304202 |          1        0.54       27.72
    2304236 |          1        0.54       28.26
    2304251 |          1        0.54       28.80
    2304269 |          1        0.54       29.35
    2304277 |          1        0.54       29.89
    2304285 |          1        0.54       30.43
    2304301 |          1        0.54       30.98
    2304350 |          1        0.54       31.52
    2304400 |          1        0.54       32.07
    2304459 |          1        0.54       32.61
    2304509 |          1        0.54       33.15
    2304608 |          1        0.54       33.70
    2304657 |          1        0.54       34.24
    2304707 |          1        0.54       34.78
    2304806 |          1        0.54       35.33
    2304905 |          1        0.54       35.87
    2304954 |          1        0.54       36.41
    2305001 |          1        0.54       36.96
    2305100 |          1        0.54       37.50
    2305209 |          1        0.54       38.04
    2305233 |          1        0.54       38.59
    2305266 |          1        0.54       39.13
    2305308 |          1        0.54       39.67
    2305332 |          1        0.54       40.22
    2305357 |          1        0.54       40.76
    2305407 |          1        0.54       41.30
    2305506 |          1        0.54       41.85
    2305605 |          1        0.54       42.39
    2305654 |          1        0.54       42.93
    2305704 |          1        0.54       43.48
    2305803 |          1        0.54       44.02
    2305902 |          1        0.54       44.57
    2306009 |          1        0.54       45.11
    2306108 |          1        0.54       45.65
    2306207 |          1        0.54       46.20
    2306256 |          1        0.54       46.74
    2306306 |          1        0.54       47.28
    2306405 |          1        0.54       47.83
    2306504 |          1        0.54       48.37
    2306553 |          1        0.54       48.91
    2306603 |          1        0.54       49.46
    2306702 |          1        0.54       50.00
    2306801 |          1        0.54       50.54
    2306900 |          1        0.54       51.09
    2307007 |          1        0.54       51.63
    2307106 |          1        0.54       52.17
    2307205 |          1        0.54       52.72
    2307254 |          1        0.54       53.26
    2307304 |          1        0.54       53.80
    2307403 |          1        0.54       54.35
    2307502 |          1        0.54       54.89
    2307601 |          1        0.54       55.43
    2307635 |          1        0.54       55.98
    2307650 |          1        0.54       56.52
    2307700 |          1        0.54       57.07
    2307809 |          1        0.54       57.61
    2307908 |          1        0.54       58.15
    2308005 |          1        0.54       58.70
    2308104 |          1        0.54       59.24
    2308203 |          1        0.54       59.78
    2308302 |          1        0.54       60.33
    2308351 |          1        0.54       60.87
    2308377 |          1        0.54       61.41
    2308401 |          1        0.54       61.96
    2308500 |          1        0.54       62.50
    2308609 |          1        0.54       63.04
    2308708 |          1        0.54       63.59
    2308807 |          1        0.54       64.13
    2308906 |          1        0.54       64.67
    2309003 |          1        0.54       65.22
    2309102 |          1        0.54       65.76
    2309201 |          1        0.54       66.30
    2309300 |          1        0.54       66.85
    2309409 |          1        0.54       67.39
    2309458 |          1        0.54       67.93
    2309508 |          1        0.54       68.48
    2309607 |          1        0.54       69.02
    2309706 |          1        0.54       69.57
    2309805 |          1        0.54       70.11
    2309904 |          1        0.54       70.65
    2310001 |          1        0.54       71.20
    2310100 |          1        0.54       71.74
    2310209 |          1        0.54       72.28
    2310258 |          1        0.54       72.83
    2310308 |          1        0.54       73.37
    2310407 |          1        0.54       73.91
    2310506 |          1        0.54       74.46
    2310605 |          1        0.54       75.00
    2310704 |          1        0.54       75.54
    2310803 |          1        0.54       76.09
    2310852 |          1        0.54       76.63
    2310902 |          1        0.54       77.17
    2310951 |          1        0.54       77.72
    2311009 |          1        0.54       78.26
    2311108 |          1        0.54       78.80
    2311207 |          1        0.54       79.35
    2311231 |          1        0.54       79.89
    2311264 |          1        0.54       80.43
    2311306 |          1        0.54       80.98
    2311355 |          1        0.54       81.52
    2311405 |          1        0.54       82.07
    2311504 |          1        0.54       82.61
    2311603 |          1        0.54       83.15
    2311702 |          1        0.54       83.70
    2311801 |          1        0.54       84.24
    2311900 |          1        0.54       84.78
    2311959 |          1        0.54       85.33
    2312007 |          1        0.54       85.87
    2312106 |          1        0.54       86.41
    2312205 |          1        0.54       86.96
    2312304 |          1        0.54       87.50
    2312403 |          1        0.54       88.04
    2312502 |          1        0.54       88.59
    2312601 |          1        0.54       89.13
    2312700 |          1        0.54       89.67
    2312809 |          1        0.54       90.22
    2312908 |          1        0.54       90.76
    2313005 |          1        0.54       91.30
    2313104 |          1        0.54       91.85
    2313203 |          1        0.54       92.39
    2313252 |          1        0.54       92.93
    2313302 |          1        0.54       93.48
    2313351 |          1        0.54       94.02
    2313401 |          1        0.54       94.57
    2313500 |          1        0.54       95.11
    2313559 |          1        0.54       95.65
    2313609 |          1        0.54       96.20
    2313708 |          1        0.54       96.74
    2313757 |          1        0.54       97.28
    2313807 |          1        0.54       97.83
    2313906 |          1        0.54       98.37
    2313955 |          1        0.54       98.91
    2314003 |          1        0.54       99.46
    2314102 |          1        0.54      100.00
------------+-----------------------------------
      Total |        184      100.00

id_municipi |
      o_bcb |      Freq.     Percent        Cum.
------------+-----------------------------------
       1559 |          1        0.54        0.54
       1652 |          1        0.54        1.09
       2022 |          1        0.54        1.63
       2273 |          1        0.54        2.17
       2462 |          1        0.54        2.72
       2682 |          1        0.54        3.26
       2723 |          1        0.54        3.80
       2785 |          1        0.54        4.35
       3179 |          1        0.54        4.89
       4501 |          1        0.54        5.43
       4848 |          1        0.54        5.98
       4886 |          1        0.54        6.52
       5160 |          1        0.54        7.07
       5586 |          1        0.54        7.61
       6121 |          1        0.54        8.15
       6389 |          1        0.54        8.70
       7223 |          1        0.54        9.24
       7254 |          1        0.54        9.78
       7577 |          1        0.54       10.33
       7632 |          1        0.54       10.87
       7900 |          1        0.54       11.41
       8112 |          1        0.54       11.96
       8150 |          1        0.54       12.50
       8301 |          1        0.54       13.04
       8727 |          1        0.54       13.59
       9094 |          1        0.54       14.13
       9135 |          1        0.54       14.67
       9207 |          1        0.54       15.22
       9238 |          1        0.54       15.76
       9269 |          1        0.54       16.30
       9582 |          1        0.54       16.85
       9843 |          1        0.54       17.39
       9946 |          1        0.54       17.93
      10399 |          1        0.54       18.48
      10894 |          1        0.54       19.02
      11006 |          1        0.54       19.57
      11178 |          1        0.54       20.11
      11350 |          1        0.54       20.65
      11594 |          1        0.54       21.20
      12232 |          1        0.54       21.74
      12373 |          1        0.54       22.28
      12744 |          1        0.54       22.83
      13152 |          1        0.54       23.37
      13341 |          1        0.54       23.91
      13420 |          1        0.54       24.46
      13482 |          1        0.54       25.00
      13743 |          1        0.54       25.54
      14106 |          1        0.54       26.09
      14151 |          1        0.54       26.63
      14625 |          1        0.54       27.17
      14852 |          1        0.54       27.72
      15318 |          1        0.54       28.26
      15387 |          1        0.54       28.80
      15583 |          1        0.54       29.35
      15600 |          1        0.54       29.89
      15693 |          1        0.54       30.43
      16850 |          1        0.54       30.98
      16939 |          1        0.54       31.52
      17581 |          1        0.54       32.07
      17804 |          1        0.54       32.61
      17866 |          1        0.54       33.15
      17907 |          1        0.54       33.70
      17945 |          1        0.54       34.24
      18425 |          1        0.54       34.78
      18504 |          1        0.54       35.33
      18614 |          1        0.54       35.87
      19149 |          1        0.54       36.41
      19211 |          1        0.54       36.96
      19747 |          1        0.54       37.50
      19761 |          1        0.54       38.04
      19929 |          1        0.54       38.59
      20626 |          1        0.54       39.13
      20657 |          1        0.54       39.67
      20963 |          1        0.54       40.22
      22026 |          1        0.54       40.76
      22143 |          1        0.54       41.30
      22181 |          1        0.54       41.85
      22325 |          1        0.54       42.39
      22538 |          1        0.54       42.93
      22693 |          1        0.54       43.48
      23128 |          1        0.54       44.02
      23654 |          1        0.54       44.57
      23678 |          1        0.54       45.11
      23757 |          1        0.54       45.65
      24055 |          1        0.54       46.20
      24206 |          1        0.54       46.74
      24457 |          1        0.54       47.28
      24653 |          1        0.54       47.83
      24969 |          1        0.54       48.37
      25360 |          1        0.54       48.91
      26527 |          1        0.54       49.46
      26723 |          1        0.54       50.00
      26792 |          1        0.54       50.54
      27045 |          1        0.54       51.09
      27289 |          1        0.54       51.63
      27533 |          1        0.54       52.17
      28051 |          1        0.54       52.72
      28075 |          1        0.54       53.26
      28611 |          1        0.54       53.80
      28783 |          1        0.54       54.35
      28855 |          1        0.54       54.89
      29036 |          1        0.54       55.43
      29108 |          1        0.54       55.98
      29287 |          1        0.54       56.52
      30214 |          1        0.54       57.07
      30788 |          1        0.54       57.61
      30795 |          1        0.54       58.15
      30881 |          1        0.54       58.70
      31172 |          1        0.54       59.24
      31220 |          1        0.54       59.78
      31787 |          1        0.54       60.33
      32597 |          1        0.54       60.87
      33101 |          1        0.54       61.41
      33486 |          1        0.54       61.96
      33833 |          1        0.54       62.50
      34045 |          1        0.54       63.04
      34227 |          1        0.54       63.59
      34320 |          1        0.54       64.13
      34399 |          1        0.54       64.67
      34818 |          1        0.54       65.22
      34863 |          1        0.54       65.76
      35312 |          1        0.54       66.30
      35336 |          1        0.54       66.85
      35439 |          1        0.54       67.39
      35484 |          1        0.54       67.93
      35707 |          1        0.54       68.48
      36311 |          1        0.54       69.02
      36548 |          1        0.54       69.57
      36562 |          1        0.54       70.11
      37011 |          1        0.54       70.65
      37585 |          1        0.54       71.20
      37602 |          1        0.54       71.74
      37750 |          1        0.54       72.28
      38058 |          1        0.54       72.83
      38443 |          1        0.54       73.37
      39088 |          1        0.54       73.91
      39741 |          1        0.54       74.46
      39882 |          1        0.54       75.00
      40259 |          1        0.54       75.54
      40613 |          1        0.54       76.09
      40716 |          1        0.54       76.63
      42336 |          1        0.54       77.17
      42343 |          1        0.54       77.72
      42350 |          1        0.54       78.26
      42367 |          1        0.54       78.80
      42374 |          1        0.54       79.35
      42381 |          1        0.54       79.89
      42398 |          1        0.54       80.43
      42422 |          1        0.54       80.98
      42453 |          1        0.54       81.52
      42477 |          1        0.54       82.07
      42666 |          1        0.54       82.61
      43373 |          1        0.54       83.15
      43380 |          1        0.54       83.70
      43397 |          1        0.54       84.24
      43407 |          1        0.54       84.78
      43414 |          1        0.54       85.33
      43421 |          1        0.54       85.87
      43438 |          1        0.54       86.41
      43445 |          1        0.54       86.96
      43452 |          1        0.54       87.50
      43469 |          1        0.54       88.04
      43476 |          1        0.54       88.59
      43483 |          1        0.54       89.13
      43490 |          1        0.54       89.67
      43500 |          1        0.54       90.22
      43517 |          1        0.54       90.76
      43524 |          1        0.54       91.30
      43531 |          1        0.54       91.85
      43548 |          1        0.54       92.39
      44633 |          1        0.54       92.93
      44846 |          1        0.54       93.48
      44853 |          1        0.54       94.02
      44860 |          1        0.54       94.57
      44877 |          1        0.54       95.11
      44891 |          1        0.54       95.65
      44901 |          1        0.54       96.20
      46318 |          1        0.54       96.74
      51042 |          1        0.54       97.28
      51059 |          1        0.54       97.83
      51066 |          1        0.54       98.37
      51107 |          1        0.54       98.91
      51114 |          1        0.54       99.46
      55512 |          1        0.54      100.00
------------+-----------------------------------
      Total |        184      100.00

   sigla_uf |      Freq.     Percent        Cum.
------------+-----------------------------------
         CE |        184      100.00      100.00
------------+-----------------------------------
      Total |        184      100.00
      name:  <unnamed>
       log:  D:\PIX_Matheus\Stata\log\description_ce_ibge_bcb.dta.log
  log type:  text
 closed on:  16 Sep 2022, 22:21:05
------------------------------------------------------------------------------------------------------------------------------------
