RStudioGD 
        2 
   [1] -0.367220151  0.230053842  0.211943221  0.266839866  0.167400881  0.145374449
   [7] -0.070917580  0.144188411  0.392861177  0.335799541 -0.103430099 -0.279302685
  [13]  0.124195188 -0.010768478 -0.029858052  0.108814338 -0.064610866 -0.088595203
  [19] -0.265936217 -0.130690162 -0.147332354 -0.318799654  0.502880380 -0.211453744
  [25] -0.224180127 -0.240332844  0.239983908 -0.084975542  0.201464897  0.182039362
  [31]  0.161783675  0.145180654  0.124924967  0.220053896 -0.186809538  0.065154089
  [37] -0.337558590  0.030121713 -0.298490402 -0.010887751 -0.031641528 -0.051731184
  [43] -0.068334206  0.569739077  0.360994393  0.301779078 -0.141553532  0.454405548
  [49]  0.050530658  0.527618488 -0.220417885  0.681241140  0.257199109 -0.688111527
  [55] -0.318490971 -0.147899928 -0.368646090  0.150684114  0.132069843 -0.238903031
  [61] -0.256483176  0.065368706  0.046237372 -0.128808368  0.003321136 -0.016327261
  [67]  0.457819585  0.440756503  0.266744889  0.240374672  0.342832710 -0.130598202
  [73]  0.504633681 -0.205771219  0.392550314  0.066760799 -0.213845358  0.115762469
  [79] -0.713373998  0.248164464 -0.597989382 -0.021066305  0.248164464 -0.367220151
  [85]  0.248164464  0.248164464  0.248164464  0.248164464 -0.097989382  0.248164464
  [91]  0.094318310  0.248164464 -0.674912459  0.094318310  0.248164464  0.132779849
  [97] -0.328758613 -0.444143228 -0.597989382 -0.482604767  0.248164464 -0.482604767
 [103]  0.248164464 -0.674912459  0.248164464  0.248164464 -0.521066305 -0.559527844
 [109]  0.209702926 -0.405681690  0.248164464  0.248164464  0.132779849  0.248164464
 [115]  0.248164464  0.248164464  0.248164464  0.248164464 -0.328758613  0.248164464
 [121]  0.171241387  0.248164464 -0.597989382  0.248164464 -0.021066305  0.248164464
 [127]  0.132779849  0.248164464 -0.597989382 -0.136450921  0.248164464 -0.521066305
 [133] -0.444143228  0.248164464 -0.059527844 -0.597989382 -0.597989382 -0.251835536
 [139]  0.248164464  0.248164464 -0.059527844 -0.713373998 -0.597989382  0.248164464
 [145]  0.248164464 -0.136450921  0.248164464  0.248164464  0.248164464 -0.674912459
 [151]  0.248164464 -0.059527844  0.248164464 -0.097989382 -0.328758613 -0.290297074
 [157]  0.094318310  0.017395233 -0.213373998  0.248164464  0.248164464  0.248164464
 [163] -0.636450921 -0.097989382  0.248164464  0.248164464  0.248164464  0.248164464
 [169] -0.482604767  0.248164464  0.248164464  0.248164464 -0.290297074 -0.213373998
 [175] -0.136450921  0.248164464 -0.674912459  0.248164464 -0.174912459 -0.251835536
 [181] -0.597989382  0.132779849 -0.290297074 -0.521066305  0.248164464 -0.597989382
 [187]  0.248164464 -0.559527844 -0.328758613  0.248164464 -0.674912459 -0.213373998
 [193] -0.597989382  0.132779849  0.132779849  0.248164464  0.248164464  0.248164464
 [199]  0.094318310  0.248164464 -0.636450921 -0.713373998  0.248164464  0.248164464
 [205]  0.248164464  0.248164464  0.248164464  0.248164464 -0.521066305  0.248164464
 [211]  0.209702926  0.248164464  0.094318310  0.248164464  0.248164464  0.248164464
 [217]  0.055856772  0.094318310 -0.674912459  0.132779849 -0.597989382  0.248164464
 [223] -0.136450921  0.248164464 -0.367220151 -0.136450921  0.248164464  0.248164464
 [229]  0.248164464  0.171241387  0.094318310 -0.367220151 -0.367220151 -0.251835536
 [235]  0.248164464  0.248164464  0.248164464 -0.021066305 -0.367220151  0.248164464
 [241] -0.636450921 -0.405681690 -0.059527844  0.248164464  0.248164464  0.248164464
 [247]  0.248164464  0.248164464  0.248164464  0.248164464 -0.059527844  0.248164464
 [253] -0.405681690  0.248164464  0.248164464  0.248164464  0.248164464  0.248164464
 [259]  0.248164464 -0.713373998 -0.174912459  0.248164464  0.248164464 -0.713373998
 [265] -0.597989382 -0.174912459  0.248164464  0.248164464 -0.597989382  0.248164464
 [271]  0.248164464  0.017395233  0.248164464  0.248164464  0.248164464  0.017395233
 [277] -0.713373998  0.248164464  0.248164464  0.132779849  0.248164464 -0.174912459
 [283]  0.248164464 -0.405681690  0.248164464 -0.328758613 -0.328758613  0.055856772
 [289]  0.248164464  0.248164464 -0.290297074 -0.136450921  0.248164464  0.017395233
 [295] -0.059527844  0.248164464  0.132779849  0.248164464  0.248164464 -0.021066305
 [301]  0.248164464  0.248164464 -0.405681690  0.248164464  0.248164464  0.248164464
 [307]  0.248164464  0.248164464  0.248164464 -0.059527844  0.055856772 -0.713373998
 [313]  0.248164464 -0.021066305 -0.251835536 -0.251835536  0.248164464 -0.674912459
 [319]  0.248164464  0.248164464 -0.521066305 -0.174912459 -0.559527844  0.248164464
 [325]  0.248164464 -0.636450921  0.248164464  0.248164464 -0.328758613  0.248164464
 [331] -0.482604767 -0.559527844  0.248164464 -0.328758613 -0.521066305 -0.713373998
 [337]  0.248164464  0.094318310 -0.328758613 -0.174912459 -0.251835536 -0.521066305
 [343]  0.248164464  0.248164464 -0.559527844  0.248164464 -0.174912459  0.055856772
 [349] -0.521066305  0.248164464  0.209702926  0.248164464  0.248164464  0.055856772
 [355]  0.248164464 -0.674912459  0.248164464  0.132779849  0.248164464  0.094318310
 [361]  0.248164464  0.171241387 -0.521066305  0.248164464 -0.021066305 -0.597989382
 [367]  0.248164464  0.248164464  0.248164464  0.248164464  0.248164464  0.209702926
 [373]  0.248164464  0.248164464  0.248164464 -0.713373998 -0.021066305  0.248164464
 [379]  0.248164464  0.248164464  0.248164464  0.248164464  0.248164464  0.248164464
 [385]  0.248164464 -0.097989382 -0.290297074  0.248164464  0.248164464  0.248164464
 [391] -0.251835536 -0.021066305  0.248164464  0.248164464  0.017395233 -0.290297074
 [397]  0.248164464  0.171241387  0.248164464  0.248164464 -0.213373998  0.248164464
 [403] -0.636450921 -0.251835536 -0.251835536 -0.021066305 -0.097989382  0.248164464
 [409]  0.248164464  0.132779849  0.248164464 -0.251835536 -0.559527844  0.017395233
 [415]  0.248164464 -0.444143228  0.248164464  0.248164464 -0.559527844 -0.636450921
 [421]  0.248164464  0.248164464  0.248164464  0.094318310  0.248164464  0.248164464
 [427]  0.248164464 -0.174912459  0.248164464  0.248164464  0.248164464 -0.097989382
 [433]  0.248164464 -0.636450921  0.248164464 -0.636450921  0.055856772 -0.713373998
 [439] -0.328758613  0.248164464  0.248164464 -0.136450921 -0.405681690 -0.136450921
 [445] -0.674912459  0.248164464  0.248164464  0.248164464  0.248164464 -0.213373998
 [451]  0.248164464 -0.251835536 -0.482604767 -0.405681690 -0.021066305  0.132779849
 [457]  0.248164464 -0.136450921 -0.213373998  0.248164464 -0.290297074 -0.444143228
 [463]  0.248164464 -0.521066305 -0.405681690  0.248164464 -0.021066305  0.248164464
 [469]  0.017395233  0.209702926  0.248164464  0.248164464  0.248164464  0.132779849
 [475]  0.248164464 -0.597989382  0.094318310  0.248164464  0.248164464  0.094318310
 [481]  0.248164464  0.248164464 -0.059527844 -0.136450921  0.248164464 -0.290297074
 [487]  0.248164464  0.248164464 -0.021066305  0.248164464  0.248164464 -0.444143228
 [493]  0.094318310 -0.636450921  0.248164464  0.248164464 -0.713373998 -0.405681690
 [499]  0.248164464 -0.405681690 -0.521066305 -0.597989382 -0.097989382 -0.405681690
 [505]  0.248164464  0.248164464  0.248164464  0.248164464 -0.636450921 -0.367220151
 [511]  0.248164464  0.248164464  0.248164464  0.055856772 -0.021066305  0.248164464
 [517]  0.248164464 -0.136450921  0.248164464 -0.059527844  0.248164464 -0.559527844
 [523]  0.248164464  0.248164464 -0.097989382 -0.713373998  0.248164464  0.248164464
 [529]  0.248164464  0.248164464  0.248164464  0.248164464  0.248164464 -0.097989382
 [535]  0.248164464  0.132779849  0.248164464  0.132779849  0.132779849 -0.290297074
 [541]  0.248164464  0.248164464 -0.405681690  0.248164464 -0.059527844  0.248164464
 [547]  0.209702926 -0.674912459  0.248164464 -0.136450921 -0.521066305 -0.597989382
 [553]  0.248164464  0.132779849 -0.405681690 -0.674912459  0.094318310  0.132779849
 [559] -0.444143228  0.248164464  0.248164464  0.248164464  0.248164464 -0.636450921
 [565] -0.597989382  0.248164464  0.248164464  0.055856772  0.248164464 -0.021066305
 [571]  0.248164464  0.248164464  0.248164464  0.248164464  0.248164464  0.055856772
 [577]  0.248164464 -0.097989382  0.248164464 -0.444143228  0.248164464  0.248164464
 [583]  0.248164464  0.248164464  0.248164464 -0.174912459  0.248164464  0.248164464
 [589]  0.248164464  0.248164464 -0.444143228 -0.021066305  0.248164464 -0.674912459
 [595] -0.328758613 -0.174912459 -0.405681690  0.248164464  0.248164464  0.248164464
 [601] -0.059527844  0.248164464 -0.021066305 -0.213373998 -0.059527844 -0.059527844
 [607]  0.248164464 -0.251835536  0.248164464  0.248164464  0.248164464 -0.213373998
 [613] -0.251835536 -0.559527844  0.248164464  0.248164464  0.248164464 -0.059527844
 [619]  0.248164464  0.017395233 -0.597989382  0.248164464  0.248164464  0.248164464
 [625]  0.248164464  0.248164464 -0.328758613 -0.597989382 -0.136450921 -0.059527844
 [631]  0.248164464 -0.482604767  0.132779849 -0.021066305 -0.521066305 -0.674912459
 [637]  0.248164464 -0.636450921  0.248164464 -0.713373998 -0.059527844 -0.290297074
 [643]  0.248164464  0.248164464  0.248164464 -0.405681690  0.248164464 -0.521066305
 [649]  0.248164464  0.248164464  0.248164464 -0.213373998  0.248164464 -0.636450921
 [655]  0.248164464 -0.444143228  0.017395233  0.248164464  0.248164464 -0.174912459
 [661]  0.094318310 -0.597989382 -0.367220151  0.248164464  0.248164464 -0.405681690
 [667]  0.017395233  0.248164464  0.248164464  0.094318310  0.171241387  0.248164464
 [673] -0.251835536  0.132779849 -0.328758613  0.248164464  0.209702926  0.248164464
 [679]  0.132779849  0.248164464  0.055856772  0.132779849 -0.713373998  0.171241387
 [685] -0.328758613 -0.328758613  0.209702926  0.248164464  0.248164464 -0.251835536
 [691]  0.248164464 -0.251835536  0.017395233  0.132779849  0.132779849  0.171241387
 [697]  0.248164464 -0.559527844 -0.021066305  0.248164464 -0.251835536  0.248164464
 [703]  0.248164464  0.209702926  0.248164464  0.209702926 -0.059527844 -0.559527844
 [709] -0.097989382 -0.213373998  0.248164464  0.248164464  0.209702926  0.248164464
 [715] -0.405681690  0.248164464 -0.251835536  0.248164464  0.248164464  0.248164464
 [721] -0.136450921  0.248164464 -0.213373998 -0.444143228  0.248164464  0.248164464
 [727] -0.636450921  0.248164464 -0.405681690 -0.174912459  0.171241387  0.248164464
 [733]  0.248164464 -0.636450921 -0.559527844  0.248164464  0.248164464  0.248164464
 [739]  0.248164464  0.248164464  0.055856772  0.248164464  0.094318310 -0.059527844
 [745] -0.213373998  0.248164464 -0.059527844  0.055856772  0.248164464 -0.290297074
 [751] -0.482604767  0.248164464  0.094318310 -0.328758613  0.248164464  0.248164464
 [757]  0.248164464 -0.136450921  0.248164464 -0.444143228  0.248164464 -0.328758613
 [763]  0.248164464 -0.097989382  0.248164464  0.248164464 -0.713373998  0.248164464
 [769] -0.059527844  0.248164464  0.248164464  0.248164464  0.248164464 -0.636450921
 [775]  0.248164464  0.248164464  0.055856772  0.094318310  0.248164464  0.248164464
 [781]  0.248164464 -0.328758613  0.248164464 -0.174912459 -0.251835536  0.248164464
 [787] -0.328758613  0.248164464  0.132779849  0.248164464 -0.444143228 -0.636450921
 [793]  0.055856772  0.248164464  0.248164464 -0.521066305  0.248164464  0.248164464
 [799]  0.248164464  0.248164464  0.094318310  0.248164464  0.248164464 -0.290297074
 [805]  0.248164464  0.248164464 -0.213373998 -0.021066305  0.248164464  0.248164464
 [811]  0.248164464  0.248164464 -0.290297074 -0.136450921  0.248164464 -0.136450921
 [817]  0.209702926 -0.521066305  0.248164464  0.248164464  0.094318310 -0.674912459
 [823] -0.251835536  0.171241387  0.248164464 -0.097989382 -0.597989382  0.248164464
 [829]  0.248164464 -0.405681690 -0.636450921  0.248164464 -0.136450921 -0.021066305
 [835] -0.674912459  0.248164464  0.248164464  0.248164464 -0.251835536 -0.521066305
 [841] -0.213373998  0.248164464 -0.328758613  0.248164464  0.248164464  0.248164464
 [847] -0.559527844 -0.213373998  0.132779849  0.248164464 -0.521066305  0.248164464
 [853]  0.248164464  0.248164464  0.248164464 -0.521066305  0.248164464 -0.021066305
 [859] -0.713373998  0.248164464  0.248164464  0.248164464 -0.097989382  0.248164464
 [865]  0.248164464  0.017395233 -0.482604767  0.017395233  0.248164464  0.248164464
 [871] -0.636450921 -0.213373998 -0.328758613 -0.174912459  0.248164464  0.055856772
 [877] -0.097989382 -0.367220151  0.248164464 -0.059527844 -0.597989382  0.248164464
 [883]  0.248164464 -0.251835536 -0.521066305 -0.713373998  0.248164464  0.248164464
 [889] -0.521066305 -0.328758613 -0.674912459 -0.636450921  0.248164464 -0.251835536
 [895] -0.290297074  0.248164464 -0.290297074  0.248164464  0.248164464  0.248164464
 [901]  0.248164464  0.248164464 -0.713373998  0.248164464 -0.713373998 -0.674912459
 [907] -0.097989382  0.248164464 -0.290297074 -0.713373998  0.248164464 -0.367220151
 [913]  0.055856772  0.248164464 -0.328758613  0.132779849  0.055856772 -0.636450921
 [919]  0.209702926 -0.251835536  0.094318310 -0.521066305  0.248164464  0.248164464
 [925]  0.248164464  0.248164464  0.248164464 -0.444143228 -0.367220151  0.248164464
 [931]  0.248164464  0.171241387  0.248164464  0.248164464  0.248164464 -0.290297074
 [937]  0.055856772 -0.636450921  0.248164464  0.248164464  0.248164464  0.132779849
 [943] -0.521066305 -0.290297074  0.248164464 -0.713373998  0.017395233  0.248164464
 [949]  0.248164464  0.248164464 -0.174912459 -0.059527844  0.248164464 -0.559527844
 [955] -0.213373998  0.248164464  0.248164464  0.248164464  0.094318310  0.248164464
 [961] -0.213373998  0.055856772  0.017395233  0.248164464  0.248164464 -0.251835536
 [967]  0.248164464  0.094318310  0.248164464  0.248164464  0.248164464  0.094318310
 [973]  0.248164464  0.248164464  0.248164464  0.209702926  0.248164464  0.248164464
 [979]  0.209702926  0.248164464  0.248164464 -0.059527844  0.248164464 -0.636450921
 [985]  0.209702926 -0.059527844  0.248164464  0.248164464 -0.059527844 -0.444143228
 [991]  0.248164464  0.248164464 -0.521066305 -0.021066305 -0.097989382 -0.597989382
 [997]  0.248164464 -0.597989382  0.132779849  0.248164464
 [ reached getOption("max.print") -- omitted 259000 entries ]

     0      1 
 50284 209716 

  -16   -15   -14   -13   -12   -11   -10    -9    -8    -7    -6    -5    -4    -3 
 2043  8066  8066  8066  8066  8066  8066  8066  8066  8066  8066  8066  8066  8066 
   -2    -1     0     1     2     3     4     5     6     7     8     9    10 
 8066  8066 58350  8066  8066  8066  8066  8066  8066  8066  8066  8066  6023 

   745    746  1e+06 
156598  53118  50284 
[1] 11
[1] 11

     0      1 
 50284 209716 

  -16   -15   -14   -13   -12   -11   -10    -9    -8    -7    -6    -5    -4    -3    -2    -1     0     1     2     3 
 2043  8066  8066  8066  8066  8066  8066  8066  8066  8066  8066  8066  8066  8066  8066  8066 58350  8066  8066  8066 
    4     5     6     7     8     9    10 
 8066  8066  8066  8066  8066  8066  6023 

   745    746  1e+06 
156598  53118  50284 
