------------------------------------------------------------------------------------------------------------------
      name:  <unnamed>
       log:  \\sbcdf176\PIX_Matheus$\Stata\log\Gera_id_addres_index_match.log
  log type:  text
 opened on:  21 Mar 2023, 09:37:46

. 
. import delimited "\\sbcdf060\depep$\DEPEPCOPEF\Teradata slicer\results\Enderecos_aux_emerg_com_id_anonimo.csv", 
> clear
(encoding automatically selected: ISO-8859-1)
(5 vars, 9,430,955 obs)

. * Has 9,4 million individuals
. 
. ren groupfirst_valuepeg_ds_logradour peg_ds_logradouro

. ren groupfirst_valuepeg_an_numero  peg_an_numero

. ren groupfirst_valuemun_cd mun_cd

. ren groupfirst_valuecd_cep cd_cep

. 
. merge m:1 peg_ds_logradouro peg_an_numero mun_cd cd_cep using "\\sbcdf176\PIX_Matheus$\Stata\dta\Todos_enderecos
> _aux_emerg_amostra_muni.dta"

    Result                      Number of obs
    -----------------------------------------
    Not matched                     4,329,273
        from master                    64,453  (_merge==1)
        from using                  4,264,820  (_merge==2)

    Matched                         9,366,502  (_merge==3)
    -----------------------------------------

. keep if _merge == 3 
(4,329,273 observations deleted)

. drop _merge

. drop qtd  peg_ds_logradouro peg_an_numero mun_cd cd_cep

. 
. duplicates drop

Duplicates in terms of all variables

(55,423 observations deleted)

. 
. sum *

    Variable |        Obs        Mean    Std. dev.       Min        Max
-------------+---------------------------------------------------------
          id |  9,311,079    5.00e+08    2.89e+08         63   1.00e+09
       index |  9,311,079     5402847     3119246          2   1.08e+07
      index0 |  9,311,079     5402848     3119246          2   1.08e+07

. 
. save "\\sbcdf176\PIX_Matheus$\Stata\dta\id_index_address.dta", replace
file \\sbcdf176\PIX_Matheus$\Stata\dta\id_index_address.dta saved

. 
. *merge m:1 index0 using "$dta\aux_address_partial_results7_cleaned.dta"
. 
. 
.  
. 
end of do-file

. do "E:\Users\JRenato\STD578c_000000.tmp"

.  log close
      name:  <unnamed>
       log:  \\sbcdf176\PIX_Matheus$\Stata\log\Gera_id_addres_index_match.log
  log type:  text
 closed on:  21 Mar 2023, 09:49:47
------------------------------------------------------------------------------------------------------------------
