< table of extent 0 >

     0      1 
243355  92310 

  -110   -109   -108   -107   -106   -105   -104   -103   -102   -101   -100    -99    -98    -97    -96 
    14     26     31     36     86     90     91     98     99    102    104    117    123    124    124 
   -95    -94    -93    -92    -91    -90    -89    -88    -87    -86    -85    -84    -83    -82    -81 
   124    125    125    125    128    132    132    132    133    135    182    187    201    201    202 
   -80    -79    -78    -77    -76    -75    -74    -73    -72    -71    -70    -69    -68    -67    -66 
   228    235    241    243    264    269    269    272    275    279    289    294    298    299    302 
   -65    -64    -63    -62    -61    -60    -59    -58    -57    -56    -55    -54    -53    -52    -51 
   321    328    344    347    370    551    616    761    783    795    857    872    875    876    892 
   -50    -49    -48    -47    -46    -45    -44    -43    -42    -41    -40    -39    -38    -37    -36 
   898    901    903    905    907    911    924    927    929    929    929    929    929    930    938 
   -35    -34    -33    -32    -31    -30    -29    -28    -27    -26    -25    -24    -23    -22    -21 
   938    938    938    942    942    942    948    952    952    953    939    928    924    923    873 
   -20    -19    -18    -17    -16    -15    -14    -13    -12    -11    -10     -9     -8     -7     -6 
   870    881    878    884    891    892    910    911    910    914    921    923    929    930    929 
    -5     -4     -3     -2     -1      0      1      2      3      4      5      6      7      8      9 
   930    933    936    935    948 244259    899    885    885    884    858    851    845    843    822 
    10     11     12     13     14     15     16     17     18     19     20     21     22     23     24 
   817    817    814    811    807    797    792    788    787    784    765    758    742    739    716 
    25     26     27     28     29     30     31     32     33     34     35     36     37     38     39 
   535    470    325    303    291    229    214    211    210    194    188    185    183    181    179 
    40     41     42     43     44     45     46     47     48     49     50     51     52     53     54 
   175    162    159    157    157    157    157    157    156    148    148    148    148    144    144 
    55     56     57     58     59     60     61     62     63     64     65     66     67     68     69 
   144    138    134    134    133    133    132    131    127    127    126    114    110    103     93 
    70     71     72     73     74     75     76     77     78     79     80     81     82     83     84 
    90     59     52     52     48     41     38     32     31     29     24     21     18     18      3 

  3165   3166   3168   3169   3170   3171   3172   3173   3174   3175   3176   3178   3179   3180   3181 
   255   1275    255    255    425    170     85    510    255    595    340    595   2635    255    850 
  3182   3183   3184   3185   3187   3188   3189   3191   3193   3194   3197   3201   3202   3207   3208 
   595    340   1020     85    340     85     85     85    340    510    340    680     85    170    255 
  3209   3210   3211   3212   3213   3214   3215   3216   3217   3218   3219   3220   3221   3222   3223 
  1105    340    170    170    170    255    510   1360     85    255   1275   5270   1020   1870  12325 
  3224   3225   3226   3227   3228   3229   3230   3231   3232   3233   3234   3235   3236   3237   3238 
  5525  15385   1955    255   1360    595   1615    255     85    340    425    850    340    255    255 
  3240   3241   3242   3243   3244   3245   3246   3248   3249   3250   3251   3252   3255   3256   3259 
   425   1785    170    510    595   2210     85   1190    425   3995    170     85    340    255     85 
  3262   3263   3264   3265   3266   3267   3268   3269   3270   3271   3272   3273   3274   3275  10000 
    85    510   1105    170    255     85    595     85    340   4250    425    425   1020   1190 243355 

  3165   3166   3168   3169   3170   3171   3172   3173   3174   3175   3176   3178   3179   3180   3181 
   255   1275    255    255    425    170     85    510    255    595    340    595   2635    255    850 
  3182   3183   3184   3185   3187   3188   3189   3191   3193   3194   3197   3201   3202   3207   3208 
   595    340   1020     85    340     85     85     85    340    510    340    680     85    170    255 
  3209   3210   3211   3212   3213   3214   3215   3216   3217   3218   3219   3220   3221   3222   3223 
  1105    340    170    170    170    255    510   1360     85    255   1275   5270   1020   1870  12325 
  3224   3225   3226   3227   3228   3229   3230   3231   3232   3233   3234   3235   3236   3237   3238 
  5525  15385   1955    255   1360    595   1615    255     85    340    425    850    340    255    255 
  3240   3241   3242   3243   3244   3245   3246   3248   3249   3250   3251   3252   3255   3256   3259 
   425   1785    170    510    595   2210     85   1190    425   3995    170     85    340    255     85 
  3262   3263   3264   3265   3266   3267   3268   3269   3270   3271   3272   3273   3274   3275  10000 
    85    510   1105    170    255     85    595     85    340   4250    425    425   1020   1190 243355 

     0      1 
243355  92310 
package ‘timechange’ successfully unpacked and MD5 sums checked
package ‘lubridate’ successfully unpacked and MD5 sums checked

The downloaded binary packages are in
	C:\Users\mathe\AppData\Local\Temp\Rtmp0QY8wU\downloaded_packages

Call:
   felm(formula = valor_cartao_credito ~ 0 | muni_cd + time_id |      (log_n_cli_pag_pf ~ after_flood) | muni_cd, data = dat_flood) 

Residuals:
     Min       1Q   Median       3Q      Max 
-8926278  -436263    -7652   376339 15399967 

Coefficients:
                        Estimate Cluster s.e. t value Pr(>|t|)
`log_n_cli_pag_pf(fit)`  5855969     10656550    0.55    0.583

Residual standard error: 1010000 on 75011 degrees of freedom
Multiple R-squared(full model): 0.268   Adjusted R-squared: 0.2292 
Multiple R-squared(proj model): -13.73   Adjusted R-squared: -14.51 
F-statistic(full model, *iid*):24.54 on 3968 and 75011 DF, p-value: < 2.2e-16 
F-statistic(proj model): 0.302 on 1 and 3948 DF, p-value: 0.5827 
F-statistic(endog. vars):0.302 on 1 and 3948 DF, p-value: 0.5827 


