-------------------------------------------------------------------------------------------------
      name:  <unnamed>
       log:  D:\PIX_Matheus\Stata\log\Reg_Dyn_Pix.log
  log type:  text
 opened on:  13 Sep 2022, 18:24:27

. foreach disaster in drought flood {
  2.         use "$dta\disaster_weekly_`disaster'.dta", replace
  3.         keep if week >= wofd(mdy(11, 1, 2020)) & week <= wofd(mdy(12, 31, 2021))
  4.         merge m:1 id_municipio id_municipio_bcb using "$dta\cem_ceara_`disaster'.dta"
  5.         keep if _merge == 3
  6.         drop _merge
  7.         foreach transaction_type in fora_dentro dentro_fora ///
>                         dentro_dentro first_pix_received first_pix_paid {               
  8.                 merge 1:1 id_municipio_bcb week using "$dta\dados_originais_ceara_`transacti
> on_type'.dta"
  9.                 global window=12  // em semanas
 10.                 global FE id_municipio week c.pc_moradores_3g#week
 11. 
.                 keep if  (date_w_disaster_mun >=  wofd(mdy(2, 1, 2021)) & date_w_disaster_mun <
> =  wofd(mdy(12, 31, 2021)) ) |  date_w_disaster_mun == .
 12. 
.                 cap drop dist_disaster_mun id_dist_disaster_mun
 13.                 gen dist_disaster_mun=week-date_w_disaster_mun if abs(week-date_w)<=${window
> }&missing(date_w)==0
 14.                 replace dist_disaster_mun=-1 if missing(date_w_disaster_mun) & cem_weights>0
 15.                 egen id_dist_disaster_mun=group(dist_disaster_mun)
 16.                 labmask id_dist_disaster_mun, values(dist_disaster_mun)
 17. 
.                 * PIX quantidade de transações
.                 foreach var in valor qtd{
 18.                         cap drop l`var'
 19.                         gen l`var'=log(`var' + 1)
 20.                         eststo QTD:reghdfe l`var' ib${window}.id_dist_disaster_mun if (abs(w
> eek-date_w)<=${window}|missing(date_w)), absorb($FE) vce(cluster id_municipio) base 
 21. 
.                         *eststo QTD:reghdfe l`var' ib${window}.id_dist_disaster_mun [aweight=ce
> m_weights] if cem_weights>0&(abs(week-date_w)<=${window}|missing(date_w)), absorb($FE) vce(clus
> ter id_municipio) base 
. 
.                         coefplot QTD, vertical yline(0, lcolor(black) lwidth(thin)) xline(12, l
> color(black) lwidth(thin) lpattern(dash)) levels(90)  graphregion(color(white)) omitted baselev
> els ytitle("`var'")  xtitle("Weeks after the disaster")  drop(_cons) 
 22.                         
.                         graph save Graph "$output\ceara_`transaction_type'_`var'_`disaster'.gph
> ", replace
 23.                         graph export "$output\ceara_`transaction_type'_`var'_`disaster'.png"
> , replace
 24. 
.                 }
 25.         }
 26. }
(354,176 observations deleted)

    Result                      Number of obs
    -----------------------------------------
    Not matched                       326,350
        from master                   326,350  (_merge==1)
        from using                          0  (_merge==2)

    Matched                            11,224  (_merge==3)
    -----------------------------------------
(326,350 observations deleted)

    Result                      Number of obs
    -----------------------------------------
    Not matched                             0
    Matched                            11,224  (_merge==3)
    -----------------------------------------
(1,769 observations deleted)
(8,729 missing values generated)
(0 real changes made)
(8,729 missing values generated)
(dropped 7 singleton observations)
         _assert_abort():  3498  error partialling out; missing values found
            assert_msg():     -  function returned error
FixedEffects::_partial_out():     -  function returned error
FixedEffects::partial_out():     -  function returned error
                 <istmt>:     -  function returned error
r(3498);

end of do-file

r(3498);

. do "C:\Users\depep.matheuscs\AppData\Local\Temp\4\STD109c_000000.tmp"

. foreach disaster in drought flood {
  2.         use "$dta\disaster_weekly_`disaster'.dta", replace
  3.         keep if week >= wofd(mdy(11, 1, 2020)) & week <= wofd(mdy(12, 31, 2021))
  4.         merge m:1 id_municipio id_municipio_bcb using "$dta\cem_ceara_`disaster'.dta"
  5.         keep if _merge == 3
  6.         drop _merge
  7.         foreach transaction_type in fora_dentro dentro_fora ///
>                         dentro_dentro first_pix_received first_pix_paid {               
  8.                 merge 1:1 id_municipio_bcb week using "$dta\dados_originais_ceara_`transacti
> on_type'.dta"
  9.                 global window=12  // em semanas
 10.                 global FE id_municipio week c.pc_moradores_3g#week
 11. 
.                 keep if  (date_w_disaster_mun >=  wofd(mdy(2, 1, 2021)) & date_w_disaster_mun <
> =  wofd(mdy(12, 31, 2021)) ) |  date_w_disaster_mun == .
 12. 
.                 cap drop dist_disaster_mun id_dist_disaster_mun
 13.                 gen dist_disaster_mun=week-date_w_disaster_mun if abs(week-date_w)<=${window
> }&missing(date_w)==0
 14.                 replace dist_disaster_mun=-1 if missing(date_w_disaster_mun) & cem_weights>0
 15.                 egen id_dist_disaster_mun=group(dist_disaster_mun)
 16.                 labmask id_dist_disaster_mun, values(dist_disaster_mun)
 17. 
.                 * PIX quantidade de transações
.                 foreach var in valor qtd{
 18.                         cap drop l`var'
 19.                         gen l`var'=log(`var' + 1)
 20.                         eststo QTD:reghdfe l`var' ib${window}.id_dist_disaster_mun if abs(we
> ek-date_w)<=${window}|missing(date_w), absorb($FE) vce(cluster id_municipio) base 
 21. 
.                         *eststo QTD:reghdfe l`var' ib${window}.id_dist_disaster_mun [aweight=ce
> m_weights] if cem_weights>0&(abs(week-date_w)<=${window}|missing(date_w)), absorb($FE) vce(clus
> ter id_municipio) base 
. 
.                         coefplot QTD, vertical yline(0, lcolor(black) lwidth(thin)) xline(12, l
> color(black) lwidth(thin) lpattern(dash)) levels(90)  graphregion(color(white)) omitted baselev
> els ytitle("`var'")  xtitle("Weeks after the disaster")  drop(_cons) 
 22.                         
.                         graph save Graph "$output\ceara_`transaction_type'_`var'_`disaster'.gph
> ", replace
 23.                         graph export "$output\ceara_`transaction_type'_`var'_`disaster'.png"
> , replace
 24. 
.                 }
 25.         }
 26. }
(354,176 observations deleted)

    Result                      Number of obs
    -----------------------------------------
    Not matched                       326,350
        from master                   326,350  (_merge==1)
        from using                          0  (_merge==2)

    Matched                            11,224  (_merge==3)
    -----------------------------------------
(326,350 observations deleted)

    Result                      Number of obs
    -----------------------------------------
    Not matched                             0
    Matched                            11,224  (_merge==3)
    -----------------------------------------
(1,769 observations deleted)
(8,729 missing values generated)
(0 real changes made)
(8,729 missing values generated)
(dropped 7 singleton observations)
         _assert_abort():  3498  error partialling out; missing values found
            assert_msg():     -  function returned error
FixedEffects::_partial_out():     -  function returned error
FixedEffects::partial_out():     -  function returned error
                 <istmt>:     -  function returned error
r(3498);

end of do-file

r(3498);

. do "C:\Users\depep.matheuscs\AppData\Local\Temp\4\STD109c_000000.tmp"

. foreach disaster in  flood drought {
  2.         use "$dta\disaster_weekly_`disaster'.dta", replace
  3.         keep if week >= wofd(mdy(11, 1, 2020)) & week <= wofd(mdy(12, 31, 2021))
  4.         merge m:1 id_municipio id_municipio_bcb using "$dta\cem_ceara_`disaster'.dta"
  5.         keep if _merge == 3
  6.         drop _merge
  7.         foreach transaction_type in fora_dentro dentro_fora ///
>                         dentro_dentro first_pix_received first_pix_paid {               
  8.                 merge 1:1 id_municipio_bcb week using "$dta\dados_originais_ceara_`transacti
> on_type'.dta"
  9.                 global window=12  // em semanas
 10.                 global FE id_municipio week c.pc_moradores_3g#week
 11. 
.                 keep if  (date_w_disaster_mun >=  wofd(mdy(2, 1, 2021)) & date_w_disaster_mun <
> =  wofd(mdy(12, 31, 2021)) ) |  date_w_disaster_mun == .
 12. 
.                 cap drop dist_disaster_mun id_dist_disaster_mun
 13.                 gen dist_disaster_mun=week-date_w_disaster_mun if abs(week-date_w)<=${window
> }&missing(date_w)==0
 14.                 replace dist_disaster_mun=-1 if missing(date_w_disaster_mun) & cem_weights>0
 15.                 egen id_dist_disaster_mun=group(dist_disaster_mun)
 16.                 labmask id_dist_disaster_mun, values(dist_disaster_mun)
 17. 
.                 * PIX quantidade de transações
.                 foreach var in valor qtd{
 18.                         cap drop l`var'
 19.                         gen l`var'=log(`var' + 1)
 20.                         eststo QTD:reghdfe l`var' ib${window}.id_dist_disaster_mun if abs(we
> ek-date_w)<=${window}|missing(date_w), absorb($FE) vce(cluster id_municipio) base 
 21. 
.                         *eststo QTD:reghdfe l`var' ib${window}.id_dist_disaster_mun [aweight=ce
> m_weights] if cem_weights>0&(abs(week-date_w)<=${window}|missing(date_w)), absorb($FE) vce(clus
> ter id_municipio) base 
. 
.                         coefplot QTD, vertical yline(0, lcolor(black) lwidth(thin)) xline(12, l
> color(black) lwidth(thin) lpattern(dash)) levels(90)  graphregion(color(white)) omitted baselev
> els ytitle("`var'")  xtitle("Weeks after the disaster")  drop(_cons) 
 22.                         
.                         graph save Graph "$output\ceara_`transaction_type'_`var'_`disaster'.gph
> ", replace
 23.                         graph export "$output\ceara_`transaction_type'_`var'_`disaster'.png"
> , replace
 24. 
.                 }
 25.         }
 26. }
(359,710 observations deleted)

    Result                      Number of obs
    -----------------------------------------
    Not matched                       326,350
        from master                   326,350  (_merge==1)
        from using                          0  (_merge==2)

    Matched                            11,224  (_merge==3)
    -----------------------------------------
(326,350 observations deleted)

    Result                      Number of obs
    -----------------------------------------
    Not matched                             0
    Matched                            11,224  (_merge==3)
    -----------------------------------------
(671 observations deleted)
(10,503 missing values generated)
(0 real changes made)
(10,503 missing values generated)
warning: lvalor might be perfectly explained by fixed effects (tol = 1.0e-09)
note: 1bn.id_dist_disaster_mun is probably collinear with the fixed effects (all partialled-out v
> alues are close to zero; tol = 1.0e-09)
note: 2bn.id_dist_disaster_mun is probably collinear with the fixed effects (all partialled-out v
> alues are close to zero; tol = 1.0e-09)
note: 3bn.id_dist_disaster_mun is probably collinear with the fixed effects (all partialled-out v
> alues are close to zero; tol = 1.0e-09)
note: 4bn.id_dist_disaster_mun is probably collinear with the fixed effects (all partialled-out v
> alues are close to zero; tol = 1.0e-09)
note: 5bn.id_dist_disaster_mun is probably collinear with the fixed effects (all partialled-out v
> alues are close to zero; tol = 1.0e-09)
note: 6bn.id_dist_disaster_mun is probably collinear with the fixed effects (all partialled-out v
> alues are close to zero; tol = 1.0e-09)
note: 7bn.id_dist_disaster_mun is probably collinear with the fixed effects (all partialled-out v
> alues are close to zero; tol = 1.0e-09)
note: 8bn.id_dist_disaster_mun is probably collinear with the fixed effects (all partialled-out v
> alues are close to zero; tol = 1.0e-09)
note: 9bn.id_dist_disaster_mun is probably collinear with the fixed effects (all partialled-out v
> alues are close to zero; tol = 1.0e-09)
note: 10bn.id_dist_disaster_mun is probably collinear with the fixed effects (all partialled-out 
> values are close to zero; tol = 1.0e-09)
note: 11bn.id_dist_disaster_mun is probably collinear with the fixed effects (all partialled-out 
> values are close to zero; tol = 1.0e-09)
note: 13bn.id_dist_disaster_mun is probably collinear with the fixed effects (all partialled-out 
> values are close to zero; tol = 1.0e-09)
note: 14bn.id_dist_disaster_mun is probably collinear with the fixed effects (all partialled-out 
> values are close to zero; tol = 1.0e-09)
note: 15bn.id_dist_disaster_mun is probably collinear with the fixed effects (all partialled-out 
> values are close to zero; tol = 1.0e-09)
note: 16bn.id_dist_disaster_mun is probably collinear with the fixed effects (all partialled-out 
> values are close to zero; tol = 1.0e-09)
note: 17bn.id_dist_disaster_mun is probably collinear with the fixed effects (all partialled-out 
> values are close to zero; tol = 1.0e-09)
note: 18bn.id_dist_disaster_mun is probably collinear with the fixed effects (all partialled-out 
> values are close to zero; tol = 1.0e-09)
note: 19bn.id_dist_disaster_mun is probably collinear with the fixed effects (all partialled-out 
> values are close to zero; tol = 1.0e-09)
note: 20bn.id_dist_disaster_mun is probably collinear with the fixed effects (all partialled-out 
> values are close to zero; tol = 1.0e-09)
note: 21bn.id_dist_disaster_mun is probably collinear with the fixed effects (all partialled-out 
> values are close to zero; tol = 1.0e-09)
note: 22bn.id_dist_disaster_mun is probably collinear with the fixed effects (all partialled-out 
> values are close to zero; tol = 1.0e-09)
note: 23bn.id_dist_disaster_mun is probably collinear with the fixed effects (all partialled-out 
> values are close to zero; tol = 1.0e-09)
note: 24bn.id_dist_disaster_mun is probably collinear with the fixed effects (all partialled-out 
> values are close to zero; tol = 1.0e-09)
note: 25bn.id_dist_disaster_mun is probably collinear with the fixed effects (all partialled-out 
> values are close to zero; tol = 1.0e-09)
(MWFE estimator converged in 3 iterations)
note: 1.id_dist_disaster_mun omitted because of collinearity
note: 2.id_dist_disaster_mun omitted because of collinearity
note: 3.id_dist_disaster_mun omitted because of collinearity
note: 4.id_dist_disaster_mun omitted because of collinearity
note: 5.id_dist_disaster_mun omitted because of collinearity
note: 6.id_dist_disaster_mun omitted because of collinearity
note: 7.id_dist_disaster_mun omitted because of collinearity
note: 8.id_dist_disaster_mun omitted because of collinearity
note: 9.id_dist_disaster_mun omitted because of collinearity
note: 10.id_dist_disaster_mun omitted because of collinearity
note: 11.id_dist_disaster_mun omitted because of collinearity
note: 13.id_dist_disaster_mun omitted because of collinearity
note: 14.id_dist_disaster_mun omitted because of collinearity
note: 15.id_dist_disaster_mun omitted because of collinearity
note: 16.id_dist_disaster_mun omitted because of collinearity
note: 17.id_dist_disaster_mun omitted because of collinearity
note: 18.id_dist_disaster_mun omitted because of collinearity
note: 19.id_dist_disaster_mun omitted because of collinearity
note: 20.id_dist_disaster_mun omitted because of collinearity
note: 21.id_dist_disaster_mun omitted because of collinearity
note: 22.id_dist_disaster_mun omitted because of collinearity
note: 23.id_dist_disaster_mun omitted because of collinearity
note: 24.id_dist_disaster_mun omitted because of collinearity
note: 25.id_dist_disaster_mun omitted because of collinearity

HDFE Linear regression                            Number of obs   =         50
Absorbing 3 HDFE groups                           F(   0,      0) =          .
Statistics robust to heteroskedasticity           Prob > F        =          .
                                                  R-squared       =     1.0000
                                                  Adj R-squared   =     1.0000
Number of clusters (id_municipio) =          2    Within R-sq.    =     0.0000

                                   (Std. err. adjusted for 2 clusters in id_municipio)
--------------------------------------------------------------------------------------
                     |               Robust
              lvalor | Coefficient  std. err.      t    P>|t|     [95% conf. interval]
---------------------+----------------------------------------------------------------
id_dist_disaster_mun |
                -12  |          0  (omitted)
                -11  |          0  (omitted)
                -10  |          0  (omitted)
                 -9  |          0  (omitted)
                 -8  |          0  (omitted)
                 -7  |          0  (omitted)
                 -6  |          0  (omitted)
                 -5  |          0  (omitted)
                 -4  |          0  (omitted)
                 -3  |          0  (omitted)
                 -2  |          0  (omitted)
                 -1  |          0  (base)
                  0  |          0  (omitted)
                  1  |          0  (omitted)
                  2  |          0  (omitted)
                  3  |          0  (omitted)
                  4  |          0  (omitted)
                  5  |          0  (omitted)
                  6  |          0  (omitted)
                  7  |          0  (omitted)
                  8  |          0  (omitted)
                  9  |          0  (omitted)
                 10  |          0  (omitted)
                 11  |          0  (omitted)
                 12  |          0  (omitted)
                     |
               _cons |   11.90902          .        .       .            .           .
--------------------------------------------------------------------------------------

Absorbed degrees of freedom:
----------------------------------------------------------------+
            Absorbed FE | Categories  - Redundant  = Num. Coefs |
------------------------+---------------------------------------|
           id_municipio |         2           2           0    *|
                   week |        25           0          25     |
 week#c.pc_moradores_3g |        25           0          25    ?|
----------------------------------------------------------------+
? = number of redundant parameters may be higher
* = FE nested within cluster; treated as redundant for DoF computation
(QTD: could not determine CI1)
(file D:\PIX_Matheus\Stata\Output\ceara_fora_dentro_valor_flood.gph not found)
file D:\PIX_Matheus\Stata\Output\ceara_fora_dentro_valor_flood.gph could not be opened
r(603);

end of do-file

r(603);

. do "C:\Users\depep.matheuscs\AppData\Local\Temp\4\STD109c_000000.tmp"

. foreach disaster in  flood drought {
  2.         use "$dta\disaster_weekly_`disaster'.dta", replace
  3.         keep if week >= wofd(mdy(11, 1, 2020)) & week <= wofd(mdy(12, 31, 2021))
  4.         merge m:1 id_municipio id_municipio_bcb using "$dta\cem_ceara_`disaster'.dta"
  5.         keep if _merge == 3
  6.         drop _merge
  7.         foreach transaction_type in fora_dentro dentro_fora ///
>                         dentro_dentro first_pix_received first_pix_paid {               
  8.                 merge 1:1 id_municipio_bcb week using "$dta\dados_originais_ceara_`transacti
> on_type'.dta"
  9.                 global window=12  // em semanas
 10.                 global FE id_municipio week //id_municipio week c.pc_moradores_3g#week
 11. 
.                 keep if  (date_w_disaster_mun >=  wofd(mdy(2, 1, 2021)) & date_w_disaster_mun <
> =  wofd(mdy(12, 31, 2021)) ) |  date_w_disaster_mun == .
 12. 
.                 cap drop dist_disaster_mun id_dist_disaster_mun
 13.                 gen dist_disaster_mun=week-date_w_disaster_mun if abs(week-date_w)<=${window
> }&missing(date_w)==0
 14.                 replace dist_disaster_mun=-1 if missing(date_w_disaster_mun) & cem_weights>0
 15.                 egen id_dist_disaster_mun=group(dist_disaster_mun)
 16.                 labmask id_dist_disaster_mun, values(dist_disaster_mun)
 17. 
.                 * PIX quantidade de transações
.                 foreach var in valor qtd{
 18.                         cap drop l`var'
 19.                         gen l`var'=log(`var' + 1)
 20.                         eststo QTD:reghdfe l`var' ib${window}.id_dist_disaster_mun if abs(we
> ek-date_w)<=${window}|missing(date_w), absorb($FE) vce(cluster id_municipio) base 
 21. 
.                         *eststo QTD:reghdfe l`var' ib${window}.id_dist_disaster_mun [aweight=ce
> m_weights] if cem_weights>0&(abs(week-date_w)<=${window}|missing(date_w)), absorb($FE) vce(clus
> ter id_municipio) base 
. 
.                         coefplot QTD, vertical yline(0, lcolor(black) lwidth(thin)) xline(12, l
> color(black) lwidth(thin) lpattern(dash)) levels(90)  graphregion(color(white)) omitted baselev
> els ytitle("`var'")  xtitle("Weeks after the disaster")  drop(_cons) 
 22.                         
.                         graph save Graph "$output\ceara_`transaction_type'_`var'_`disaster'.gph
> ", replace
 23.                         graph export "$output\ceara_`transaction_type'_`var'_`disaster'.png"
> , replace
 24. 
.                 }
 25.         }
 26. }
(359,710 observations deleted)

    Result                      Number of obs
    -----------------------------------------
    Not matched                       326,350
        from master                   326,350  (_merge==1)
        from using                          0  (_merge==2)

    Matched                            11,224  (_merge==3)
    -----------------------------------------
(326,350 observations deleted)

    Result                      Number of obs
    -----------------------------------------
    Not matched                             0
    Matched                            11,224  (_merge==3)
    -----------------------------------------
(671 observations deleted)
(10,503 missing values generated)
(0 real changes made)
(10,503 missing values generated)
note: 1bn.id_dist_disaster_mun is probably collinear with the fixed effects (all partialled-out v
> alues are close to zero; tol = 1.0e-09)
note: 2bn.id_dist_disaster_mun is probably collinear with the fixed effects (all partialled-out v
> alues are close to zero; tol = 1.0e-09)
note: 3bn.id_dist_disaster_mun is probably collinear with the fixed effects (all partialled-out v
> alues are close to zero; tol = 1.0e-09)
note: 4bn.id_dist_disaster_mun is probably collinear with the fixed effects (all partialled-out v
> alues are close to zero; tol = 1.0e-09)
note: 5bn.id_dist_disaster_mun is probably collinear with the fixed effects (all partialled-out v
> alues are close to zero; tol = 1.0e-09)
note: 6bn.id_dist_disaster_mun is probably collinear with the fixed effects (all partialled-out v
> alues are close to zero; tol = 1.0e-09)
note: 7bn.id_dist_disaster_mun is probably collinear with the fixed effects (all partialled-out v
> alues are close to zero; tol = 1.0e-09)
note: 8bn.id_dist_disaster_mun is probably collinear with the fixed effects (all partialled-out v
> alues are close to zero; tol = 1.0e-09)
note: 9bn.id_dist_disaster_mun is probably collinear with the fixed effects (all partialled-out v
> alues are close to zero; tol = 1.0e-09)
note: 10bn.id_dist_disaster_mun is probably collinear with the fixed effects (all partialled-out 
> values are close to zero; tol = 1.0e-09)
note: 11bn.id_dist_disaster_mun is probably collinear with the fixed effects (all partialled-out 
> values are close to zero; tol = 1.0e-09)
note: 13bn.id_dist_disaster_mun is probably collinear with the fixed effects (all partialled-out 
> values are close to zero; tol = 1.0e-09)
note: 14bn.id_dist_disaster_mun is probably collinear with the fixed effects (all partialled-out 
> values are close to zero; tol = 1.0e-09)
note: 15bn.id_dist_disaster_mun is probably collinear with the fixed effects (all partialled-out 
> values are close to zero; tol = 1.0e-09)
note: 16bn.id_dist_disaster_mun is probably collinear with the fixed effects (all partialled-out 
> values are close to zero; tol = 1.0e-09)
note: 17bn.id_dist_disaster_mun is probably collinear with the fixed effects (all partialled-out 
> values are close to zero; tol = 1.0e-09)
note: 18bn.id_dist_disaster_mun is probably collinear with the fixed effects (all partialled-out 
> values are close to zero; tol = 1.0e-09)
note: 19bn.id_dist_disaster_mun is probably collinear with the fixed effects (all partialled-out 
> values are close to zero; tol = 1.0e-09)
note: 20bn.id_dist_disaster_mun is probably collinear with the fixed effects (all partialled-out 
> values are close to zero; tol = 1.0e-09)
note: 21bn.id_dist_disaster_mun is probably collinear with the fixed effects (all partialled-out 
> values are close to zero; tol = 1.0e-09)
note: 22bn.id_dist_disaster_mun is probably collinear with the fixed effects (all partialled-out 
> values are close to zero; tol = 1.0e-09)
note: 23bn.id_dist_disaster_mun is probably collinear with the fixed effects (all partialled-out 
> values are close to zero; tol = 1.0e-09)
note: 24bn.id_dist_disaster_mun is probably collinear with the fixed effects (all partialled-out 
> values are close to zero; tol = 1.0e-09)
note: 25bn.id_dist_disaster_mun is probably collinear with the fixed effects (all partialled-out 
> values are close to zero; tol = 1.0e-09)
(MWFE estimator converged in 2 iterations)
note: 1.id_dist_disaster_mun omitted because of collinearity
note: 2.id_dist_disaster_mun omitted because of collinearity
note: 3.id_dist_disaster_mun omitted because of collinearity
note: 4.id_dist_disaster_mun omitted because of collinearity
note: 5.id_dist_disaster_mun omitted because of collinearity
note: 6.id_dist_disaster_mun omitted because of collinearity
note: 7.id_dist_disaster_mun omitted because of collinearity
note: 8.id_dist_disaster_mun omitted because of collinearity
note: 9.id_dist_disaster_mun omitted because of collinearity
note: 10.id_dist_disaster_mun omitted because of collinearity
note: 11.id_dist_disaster_mun omitted because of collinearity
note: 13.id_dist_disaster_mun omitted because of collinearity
note: 14.id_dist_disaster_mun omitted because of collinearity
note: 15.id_dist_disaster_mun omitted because of collinearity
note: 16.id_dist_disaster_mun omitted because of collinearity
note: 17.id_dist_disaster_mun omitted because of collinearity
note: 18.id_dist_disaster_mun omitted because of collinearity
note: 19.id_dist_disaster_mun omitted because of collinearity
note: 20.id_dist_disaster_mun omitted because of collinearity
note: 21.id_dist_disaster_mun omitted because of collinearity
note: 22.id_dist_disaster_mun omitted because of collinearity
note: 23.id_dist_disaster_mun omitted because of collinearity
note: 24.id_dist_disaster_mun omitted because of collinearity
note: 25.id_dist_disaster_mun omitted because of collinearity

HDFE Linear regression                            Number of obs   =         50
Absorbing 2 HDFE groups                           F(   0,      1) =          .
Statistics robust to heteroskedasticity           Prob > F        =          .
                                                  R-squared       =     0.9765
                                                  Adj R-squared   =     0.9499
                                                  Within R-sq.    =     0.0000
Number of clusters (id_municipio) =          2    Root MSE        =     0.2439

                                   (Std. err. adjusted for 2 clusters in id_municipio)
--------------------------------------------------------------------------------------
                     |               Robust
              lvalor | Coefficient  std. err.      t    P>|t|     [95% conf. interval]
---------------------+----------------------------------------------------------------
id_dist_disaster_mun |
                -12  |          0  (omitted)
                -11  |          0  (omitted)
                -10  |          0  (omitted)
                 -9  |          0  (omitted)
                 -8  |          0  (omitted)
                 -7  |          0  (omitted)
                 -6  |          0  (omitted)
                 -5  |          0  (omitted)
                 -4  |          0  (omitted)
                 -3  |          0  (omitted)
                 -2  |          0  (omitted)
                 -1  |          0  (base)
                  0  |          0  (omitted)
                  1  |          0  (omitted)
                  2  |          0  (omitted)
                  3  |          0  (omitted)
                  4  |          0  (omitted)
                  5  |          0  (omitted)
                  6  |          0  (omitted)
                  7  |          0  (omitted)
                  8  |          0  (omitted)
                  9  |          0  (omitted)
                 10  |          0  (omitted)
                 11  |          0  (omitted)
                 12  |          0  (omitted)
                     |
               _cons |   11.90902   1.08e-16  1.1e+17   0.000     11.90902    11.90902
--------------------------------------------------------------------------------------

Absorbed degrees of freedom:
------------------------------------------------------+
  Absorbed FE | Categories  - Redundant  = Num. Coefs |
--------------+---------------------------------------|
 id_municipio |         2           2           0    *|
         week |        25           0          25     |
------------------------------------------------------+
* = FE nested within cluster; treated as redundant for DoF computation
(file D:\PIX_Matheus\Stata\Output\ceara_fora_dentro_valor_flood.gph not found)
file D:\PIX_Matheus\Stata\Output\ceara_fora_dentro_valor_flood.gph could not be opened
r(603);

end of do-file

r(603);

. 
. do "C:\Users\depep.matheuscs\AppData\Local\Temp\4\STD109c_000000.tmp"

. foreach disaster in  flood drought {
  2.         use "$dta\disaster_weekly_`disaster'.dta", replace
  3.         keep if week >= wofd(mdy(11, 1, 2020)) & week <= wofd(mdy(12, 31, 2021))
  4.         merge m:1 id_municipio id_municipio_bcb using "$dta\cem_ceara_`disaster'.dta"
  5.         keep if _merge == 3
  6.         drop _merge
  7.         foreach transaction_type in fora_dentro dentro_fora ///
>                         dentro_dentro first_pix_received first_pix_paid {               
  8.                 merge 1:1 id_municipio_bcb week using "$dta\dados_originais_ceara_`transacti
> on_type'.dta"
  9.                 global window=12  // em semanas
 10.                 global FE week //id_municipio week c.pc_moradores_3g#week
 11. 
.                 keep if  (date_w_disaster_mun >=  wofd(mdy(2, 1, 2021)) & date_w_disaster_mun <
> =  wofd(mdy(12, 31, 2021)) ) |  date_w_disaster_mun == .
 12. 
.                 cap drop dist_disaster_mun id_dist_disaster_mun
 13.                 gen dist_disaster_mun=week-date_w_disaster_mun if abs(week-date_w)<=${window
> }&missing(date_w)==0
 14.                 replace dist_disaster_mun=-1 if missing(date_w_disaster_mun) & cem_weights>0
 15.                 egen id_dist_disaster_mun=group(dist_disaster_mun)
 16.                 labmask id_dist_disaster_mun, values(dist_disaster_mun)
 17. 
.                 * PIX quantidade de transações
.                 foreach var in valor qtd{
 18.                         cap drop l`var'
 19.                         gen l`var'=log(`var' + 1)
 20.                         eststo QTD:reghdfe l`var' ib${window}.id_dist_disaster_mun if abs(we
> ek-date_w)<=${window}|missing(date_w), absorb($FE) vce(cluster id_municipio) base 
 21. 
.                         *eststo QTD:reghdfe l`var' ib${window}.id_dist_disaster_mun [aweight=ce
> m_weights] if cem_weights>0&(abs(week-date_w)<=${window}|missing(date_w)), absorb($FE) vce(clus
> ter id_municipio) base 
. 
.                         coefplot QTD, vertical yline(0, lcolor(black) lwidth(thin)) xline(12, l
> color(black) lwidth(thin) lpattern(dash)) levels(90)  graphregion(color(white)) omitted baselev
> els ytitle("`var'")  xtitle("Weeks after the disaster")  drop(_cons) 
 22.                         
.                         graph save Graph "$output\ceara_`transaction_type'_`var'_`disaster'.gph
> ", replace
 23.                         graph export "$output\ceara_`transaction_type'_`var'_`disaster'.png"
> , replace
 24. 
.                 }
 25.         }
 26. }
(359,710 observations deleted)

    Result                      Number of obs
    -----------------------------------------
    Not matched                       326,350
        from master                   326,350  (_merge==1)
        from using                          0  (_merge==2)

    Matched                            11,224  (_merge==3)
    -----------------------------------------
(326,350 observations deleted)

    Result                      Number of obs
    -----------------------------------------
    Not matched                             0
    Matched                            11,224  (_merge==3)
    -----------------------------------------
(671 observations deleted)
(10,503 missing values generated)
(0 real changes made)
(10,503 missing values generated)
note: 1bn.id_dist_disaster_mun is probably collinear with the fixed effects (all partialled-out v
> alues are close to zero; tol = 1.0e-09)
note: 2bn.id_dist_disaster_mun is probably collinear with the fixed effects (all partialled-out v
> alues are close to zero; tol = 1.0e-09)
note: 3bn.id_dist_disaster_mun is probably collinear with the fixed effects (all partialled-out v
> alues are close to zero; tol = 1.0e-09)
note: 4bn.id_dist_disaster_mun is probably collinear with the fixed effects (all partialled-out v
> alues are close to zero; tol = 1.0e-09)
note: 5bn.id_dist_disaster_mun is probably collinear with the fixed effects (all partialled-out v
> alues are close to zero; tol = 1.0e-09)
note: 6bn.id_dist_disaster_mun is probably collinear with the fixed effects (all partialled-out v
> alues are close to zero; tol = 1.0e-09)
note: 7bn.id_dist_disaster_mun is probably collinear with the fixed effects (all partialled-out v
> alues are close to zero; tol = 1.0e-09)
note: 8bn.id_dist_disaster_mun is probably collinear with the fixed effects (all partialled-out v
> alues are close to zero; tol = 1.0e-09)
note: 9bn.id_dist_disaster_mun is probably collinear with the fixed effects (all partialled-out v
> alues are close to zero; tol = 1.0e-09)
note: 10bn.id_dist_disaster_mun is probably collinear with the fixed effects (all partialled-out 
> values are close to zero; tol = 1.0e-09)
note: 11bn.id_dist_disaster_mun is probably collinear with the fixed effects (all partialled-out 
> values are close to zero; tol = 1.0e-09)
note: 13bn.id_dist_disaster_mun is probably collinear with the fixed effects (all partialled-out 
> values are close to zero; tol = 1.0e-09)
note: 14bn.id_dist_disaster_mun is probably collinear with the fixed effects (all partialled-out 
> values are close to zero; tol = 1.0e-09)
note: 15bn.id_dist_disaster_mun is probably collinear with the fixed effects (all partialled-out 
> values are close to zero; tol = 1.0e-09)
note: 16bn.id_dist_disaster_mun is probably collinear with the fixed effects (all partialled-out 
> values are close to zero; tol = 1.0e-09)
note: 17bn.id_dist_disaster_mun is probably collinear with the fixed effects (all partialled-out 
> values are close to zero; tol = 1.0e-09)
note: 18bn.id_dist_disaster_mun is probably collinear with the fixed effects (all partialled-out 
> values are close to zero; tol = 1.0e-09)
note: 19bn.id_dist_disaster_mun is probably collinear with the fixed effects (all partialled-out 
> values are close to zero; tol = 1.0e-09)
note: 20bn.id_dist_disaster_mun is probably collinear with the fixed effects (all partialled-out 
> values are close to zero; tol = 1.0e-09)
note: 21bn.id_dist_disaster_mun is probably collinear with the fixed effects (all partialled-out 
> values are close to zero; tol = 1.0e-09)
note: 22bn.id_dist_disaster_mun is probably collinear with the fixed effects (all partialled-out 
> values are close to zero; tol = 1.0e-09)
note: 23bn.id_dist_disaster_mun is probably collinear with the fixed effects (all partialled-out 
> values are close to zero; tol = 1.0e-09)
note: 24bn.id_dist_disaster_mun is probably collinear with the fixed effects (all partialled-out 
> values are close to zero; tol = 1.0e-09)
note: 25bn.id_dist_disaster_mun is probably collinear with the fixed effects (all partialled-out 
> values are close to zero; tol = 1.0e-09)
(MWFE estimator converged in 1 iterations)
note: 1.id_dist_disaster_mun omitted because of collinearity
note: 2.id_dist_disaster_mun omitted because of collinearity
note: 3.id_dist_disaster_mun omitted because of collinearity
note: 4.id_dist_disaster_mun omitted because of collinearity
note: 5.id_dist_disaster_mun omitted because of collinearity
note: 6.id_dist_disaster_mun omitted because of collinearity
note: 7.id_dist_disaster_mun omitted because of collinearity
note: 8.id_dist_disaster_mun omitted because of collinearity
note: 9.id_dist_disaster_mun omitted because of collinearity
note: 10.id_dist_disaster_mun omitted because of collinearity
note: 11.id_dist_disaster_mun omitted because of collinearity
note: 13.id_dist_disaster_mun omitted because of collinearity
note: 14.id_dist_disaster_mun omitted because of collinearity
note: 15.id_dist_disaster_mun omitted because of collinearity
note: 16.id_dist_disaster_mun omitted because of collinearity
note: 17.id_dist_disaster_mun omitted because of collinearity
note: 18.id_dist_disaster_mun omitted because of collinearity
note: 19.id_dist_disaster_mun omitted because of collinearity
note: 20.id_dist_disaster_mun omitted because of collinearity
note: 21.id_dist_disaster_mun omitted because of collinearity
note: 22.id_dist_disaster_mun omitted because of collinearity
note: 23.id_dist_disaster_mun omitted because of collinearity
note: 24.id_dist_disaster_mun omitted because of collinearity
note: 25.id_dist_disaster_mun omitted because of collinearity

HDFE Linear regression                            Number of obs   =         50
Absorbing 1 HDFE group                            F(   0,      1) =          .
Statistics robust to heteroskedasticity           Prob > F        =          .
                                                  R-squared       =     0.2351
                                                  Adj R-squared   =    -0.4991
                                                  Within R-sq.    =     0.0000
Number of clusters (id_municipio) =          2    Root MSE        =     1.3341

                                   (Std. err. adjusted for 2 clusters in id_municipio)
--------------------------------------------------------------------------------------
                     |               Robust
              lvalor | Coefficient  std. err.      t    P>|t|     [95% conf. interval]
---------------------+----------------------------------------------------------------
id_dist_disaster_mun |
                -12  |          0  (omitted)
                -11  |          0  (omitted)
                -10  |          0  (omitted)
                 -9  |          0  (omitted)
                 -8  |          0  (omitted)
                 -7  |          0  (omitted)
                 -6  |          0  (omitted)
                 -5  |          0  (omitted)
                 -4  |          0  (omitted)
                 -3  |          0  (omitted)
                 -2  |          0  (omitted)
                 -1  |          0  (base)
                  0  |          0  (omitted)
                  1  |          0  (omitted)
                  2  |          0  (omitted)
                  3  |          0  (omitted)
                  4  |          0  (omitted)
                  5  |          0  (omitted)
                  6  |          0  (omitted)
                  7  |          0  (omitted)
                  8  |          0  (omitted)
                  9  |          0  (omitted)
                 10  |          0  (omitted)
                 11  |          0  (omitted)
                 12  |          0  (omitted)
                     |
               _cons |   11.90902   1.300268     9.16   0.069    -4.612453     28.4305
--------------------------------------------------------------------------------------

Absorbed degrees of freedom:
-----------------------------------------------------+
 Absorbed FE | Categories  - Redundant  = Num. Coefs |
-------------+---------------------------------------|
        week |        25           0          25     |
-----------------------------------------------------+
(file D:\PIX_Matheus\Stata\Output\ceara_fora_dentro_valor_flood.gph not found)
file D:\PIX_Matheus\Stata\Output\ceara_fora_dentro_valor_flood.gph could not be opened
r(603);

end of do-file

r(603);

. do "C:\Users\depep.matheuscs\AppData\Local\Temp\4\STD109c_000000.tmp"

. foreach disaster in  flood drought {
  2.         use "$dta\disaster_weekly_`disaster'.dta", replace
  3.         keep if week >= wofd(mdy(11, 1, 2020)) & week <= wofd(mdy(12, 31, 2021))
  4.         merge m:1 id_municipio id_municipio_bcb using "$dta\cem_ceara_`disaster'.dta"
  5.         keep if _merge == 3
  6.         drop _merge
  7.         foreach transaction_type in fora_dentro dentro_fora ///
>                         dentro_dentro first_pix_received first_pix_paid {               
  8.                 merge 1:1 id_municipio_bcb week using "$dta\dados_originais_ceara_`transacti
> on_type'.dta"
  9.                 global window=12  // em semanas
 10.                 global FE week //id_municipio week c.pc_moradores_3g#week
 11. 
.                 keep if  (date_w_disaster_mun >=  wofd(mdy(2, 1, 2021)) & date_w_disaster_mun <
> =  wofd(mdy(12, 31, 2021)) ) |  date_w_disaster_mun == .
 12. 
.                 cap drop dist_disaster_mun id_dist_disaster_mun
 13.                 gen dist_disaster_mun=week-date_w_disaster_mun if abs(week-date_w)<=${window
> }&missing(date_w)==0
 14.                 replace dist_disaster_mun=-1 if missing(date_w_disaster_mun) & cem_weights>0
 15.                 egen id_dist_disaster_mun=group(dist_disaster_mun)
 16.                 labmask id_dist_disaster_mun, values(dist_disaster_mun)
 17. 
.                 * PIX quantidade de transações
.                 foreach var in valor qtd{
 18.                         cap drop l`var'
 19.                         gen l`var'=log(`var' + 1)
 20.                         eststo QTD:reghdfe l`var' ib${window}.id_dist_disaster_mun if cem_we
> ights>0&(abs(week-date_w)<=${window}|missing(date_w)), absorb($FE) vce(cluster id_municipio) ba
> se 
 21. 
.                         *eststo QTD:reghdfe l`var' ib${window}.id_dist_disaster_mun [aweight=ce
> m_weights] if cem_weights>0&(abs(week-date_w)<=${window}|missing(date_w)), absorb($FE) vce(clus
> ter id_municipio) base 
. 
.                         coefplot QTD, vertical yline(0, lcolor(black) lwidth(thin)) xline(12, l
> color(black) lwidth(thin) lpattern(dash)) levels(90)  graphregion(color(white)) omitted baselev
> els ytitle("`var'")  xtitle("Weeks after the disaster")  drop(_cons) 
 22.                         
.                         graph save Graph "$output\ceara_`transaction_type'_`var'_`disaster'.gph
> ", replace
 23.                         graph export "$output\ceara_`transaction_type'_`var'_`disaster'.png"
> , replace
 24. 
.                 }
 25.         }
 26. }
(359,710 observations deleted)

    Result                      Number of obs
    -----------------------------------------
    Not matched                       326,350
        from master                   326,350  (_merge==1)
        from using                          0  (_merge==2)

    Matched                            11,224  (_merge==3)
    -----------------------------------------
(326,350 observations deleted)

    Result                      Number of obs
    -----------------------------------------
    Not matched                             0
    Matched                            11,224  (_merge==3)
    -----------------------------------------
(671 observations deleted)
(10,503 missing values generated)
(0 real changes made)
(10,503 missing values generated)
insufficient observations
r(2001);

end of do-file

r(2001);

. do "C:\Users\depep.matheuscs\AppData\Local\Temp\4\STD109c_000000.tmp"

. foreach disaster in  flood drought {
  2.         use "$dta\disaster_weekly_`disaster'.dta", replace
  3.         keep if week >= wofd(mdy(11, 1, 2020)) & week <= wofd(mdy(12, 31, 2021))
  4.         merge m:1 id_municipio id_municipio_bcb using "$dta\cem_ceara_`disaster'.dta"
  5.         keep if _merge == 3
  6.         drop _merge
  7.         foreach transaction_type in fora_dentro dentro_fora ///
>                         dentro_dentro first_pix_received first_pix_paid {               
  8.                 merge 1:1 id_municipio_bcb week using "$dta\dados_originais_ceara_`transacti
> on_type'.dta"
  9.                 global window=12  // em semanas
 10.                 global FE week //id_municipio week c.pc_moradores_3g#week
 11. 
.                 keep if  (date_w_disaster_mun >=  wofd(mdy(2, 1, 2021)) & date_w_disaster_mun <
> =  wofd(mdy(12, 31, 2021)) ) |  date_w_disaster_mun == .
 12. 
.                 cap drop dist_disaster_mun id_dist_disaster_mun
 13.                 gen dist_disaster_mun=week-date_w_disaster_mun if abs(week-date_w)<=${window
> }&missing(date_w)==0
 14.                 replace dist_disaster_mun=-1 if missing(date_w_disaster_mun) & cem_weights>0
 15.                 egen id_dist_disaster_mun=group(dist_disaster_mun)
 16.                 labmask id_dist_disaster_mun, values(dist_disaster_mun)
 17. 
.                 * PIX quantidade de transações
.                 foreach var in valor qtd{
 18.                         cap drop l`var'
 19.                         gen l`var'=log(`var' + 1)
 20.                         eststo QTD:reghdfe l`var' ib${window}.id_dist_disaster_mun, absorb($
> FE) vce(cluster id_municipio) base 
 21. 
.                         *eststo QTD:reghdfe l`var' ib${window}.id_dist_disaster_mun [aweight=ce
> m_weights] if cem_weights>0&(abs(week-date_w)<=${window}|missing(date_w)), absorb($FE) vce(clus
> ter id_municipio) base 
. 
.                         coefplot QTD, vertical yline(0, lcolor(black) lwidth(thin)) xline(12, l
> color(black) lwidth(thin) lpattern(dash)) levels(90)  graphregion(color(white)) omitted baselev
> els ytitle("`var'")  xtitle("Weeks after the disaster")  drop(_cons) 
 22.                         
.                         graph save Graph "$output\ceara_`transaction_type'_`var'_`disaster'.gph
> ", replace
 23.                         graph export "$output\ceara_`transaction_type'_`var'_`disaster'.png"
> , replace
 24. 
.                 }
 25.         }
 26. }
(359,710 observations deleted)

    Result                      Number of obs
    -----------------------------------------
    Not matched                       326,350
        from master                   326,350  (_merge==1)
        from using                          0  (_merge==2)

    Matched                            11,224  (_merge==3)
    -----------------------------------------
(326,350 observations deleted)

    Result                      Number of obs
    -----------------------------------------
    Not matched                             0
    Matched                            11,224  (_merge==3)
    -----------------------------------------
(671 observations deleted)
(10,503 missing values generated)
(0 real changes made)
(10,503 missing values generated)
note: 1bn.id_dist_disaster_mun is probably collinear with the fixed effects (all partialled-out v
> alues are close to zero; tol = 1.0e-09)
note: 2bn.id_dist_disaster_mun is probably collinear with the fixed effects (all partialled-out v
> alues are close to zero; tol = 1.0e-09)
note: 3bn.id_dist_disaster_mun is probably collinear with the fixed effects (all partialled-out v
> alues are close to zero; tol = 1.0e-09)
note: 4bn.id_dist_disaster_mun is probably collinear with the fixed effects (all partialled-out v
> alues are close to zero; tol = 1.0e-09)
note: 5bn.id_dist_disaster_mun is probably collinear with the fixed effects (all partialled-out v
> alues are close to zero; tol = 1.0e-09)
note: 6bn.id_dist_disaster_mun is probably collinear with the fixed effects (all partialled-out v
> alues are close to zero; tol = 1.0e-09)
note: 7bn.id_dist_disaster_mun is probably collinear with the fixed effects (all partialled-out v
> alues are close to zero; tol = 1.0e-09)
note: 8bn.id_dist_disaster_mun is probably collinear with the fixed effects (all partialled-out v
> alues are close to zero; tol = 1.0e-09)
note: 9bn.id_dist_disaster_mun is probably collinear with the fixed effects (all partialled-out v
> alues are close to zero; tol = 1.0e-09)
note: 10bn.id_dist_disaster_mun is probably collinear with the fixed effects (all partialled-out 
> values are close to zero; tol = 1.0e-09)
note: 11bn.id_dist_disaster_mun is probably collinear with the fixed effects (all partialled-out 
> values are close to zero; tol = 1.0e-09)
note: 13bn.id_dist_disaster_mun is probably collinear with the fixed effects (all partialled-out 
> values are close to zero; tol = 1.0e-09)
note: 14bn.id_dist_disaster_mun is probably collinear with the fixed effects (all partialled-out 
> values are close to zero; tol = 1.0e-09)
note: 15bn.id_dist_disaster_mun is probably collinear with the fixed effects (all partialled-out 
> values are close to zero; tol = 1.0e-09)
note: 16bn.id_dist_disaster_mun is probably collinear with the fixed effects (all partialled-out 
> values are close to zero; tol = 1.0e-09)
note: 17bn.id_dist_disaster_mun is probably collinear with the fixed effects (all partialled-out 
> values are close to zero; tol = 1.0e-09)
note: 18bn.id_dist_disaster_mun is probably collinear with the fixed effects (all partialled-out 
> values are close to zero; tol = 1.0e-09)
note: 19bn.id_dist_disaster_mun is probably collinear with the fixed effects (all partialled-out 
> values are close to zero; tol = 1.0e-09)
note: 20bn.id_dist_disaster_mun is probably collinear with the fixed effects (all partialled-out 
> values are close to zero; tol = 1.0e-09)
note: 21bn.id_dist_disaster_mun is probably collinear with the fixed effects (all partialled-out 
> values are close to zero; tol = 1.0e-09)
note: 22bn.id_dist_disaster_mun is probably collinear with the fixed effects (all partialled-out 
> values are close to zero; tol = 1.0e-09)
note: 23bn.id_dist_disaster_mun is probably collinear with the fixed effects (all partialled-out 
> values are close to zero; tol = 1.0e-09)
note: 24bn.id_dist_disaster_mun is probably collinear with the fixed effects (all partialled-out 
> values are close to zero; tol = 1.0e-09)
note: 25bn.id_dist_disaster_mun is probably collinear with the fixed effects (all partialled-out 
> values are close to zero; tol = 1.0e-09)
(MWFE estimator converged in 1 iterations)
note: 1.id_dist_disaster_mun omitted because of collinearity
note: 2.id_dist_disaster_mun omitted because of collinearity
note: 3.id_dist_disaster_mun omitted because of collinearity
note: 4.id_dist_disaster_mun omitted because of collinearity
note: 5.id_dist_disaster_mun omitted because of collinearity
note: 6.id_dist_disaster_mun omitted because of collinearity
note: 7.id_dist_disaster_mun omitted because of collinearity
note: 8.id_dist_disaster_mun omitted because of collinearity
note: 9.id_dist_disaster_mun omitted because of collinearity
note: 10.id_dist_disaster_mun omitted because of collinearity
note: 11.id_dist_disaster_mun omitted because of collinearity
note: 13.id_dist_disaster_mun omitted because of collinearity
note: 14.id_dist_disaster_mun omitted because of collinearity
note: 15.id_dist_disaster_mun omitted because of collinearity
note: 16.id_dist_disaster_mun omitted because of collinearity
note: 17.id_dist_disaster_mun omitted because of collinearity
note: 18.id_dist_disaster_mun omitted because of collinearity
note: 19.id_dist_disaster_mun omitted because of collinearity
note: 20.id_dist_disaster_mun omitted because of collinearity
note: 21.id_dist_disaster_mun omitted because of collinearity
note: 22.id_dist_disaster_mun omitted because of collinearity
note: 23.id_dist_disaster_mun omitted because of collinearity
note: 24.id_dist_disaster_mun omitted because of collinearity
note: 25.id_dist_disaster_mun omitted because of collinearity

HDFE Linear regression                            Number of obs   =         50
Absorbing 1 HDFE group                            F(   0,      1) =          .
Statistics robust to heteroskedasticity           Prob > F        =          .
                                                  R-squared       =     0.2351
                                                  Adj R-squared   =    -0.4991
                                                  Within R-sq.    =     0.0000
Number of clusters (id_municipio) =          2    Root MSE        =     1.3341

                                   (Std. err. adjusted for 2 clusters in id_municipio)
--------------------------------------------------------------------------------------
                     |               Robust
              lvalor | Coefficient  std. err.      t    P>|t|     [95% conf. interval]
---------------------+----------------------------------------------------------------
id_dist_disaster_mun |
                -12  |          0  (omitted)
                -11  |          0  (omitted)
                -10  |          0  (omitted)
                 -9  |          0  (omitted)
                 -8  |          0  (omitted)
                 -7  |          0  (omitted)
                 -6  |          0  (omitted)
                 -5  |          0  (omitted)
                 -4  |          0  (omitted)
                 -3  |          0  (omitted)
                 -2  |          0  (omitted)
                 -1  |          0  (base)
                  0  |          0  (omitted)
                  1  |          0  (omitted)
                  2  |          0  (omitted)
                  3  |          0  (omitted)
                  4  |          0  (omitted)
                  5  |          0  (omitted)
                  6  |          0  (omitted)
                  7  |          0  (omitted)
                  8  |          0  (omitted)
                  9  |          0  (omitted)
                 10  |          0  (omitted)
                 11  |          0  (omitted)
                 12  |          0  (omitted)
                     |
               _cons |   11.90902   1.300268     9.16   0.069    -4.612453     28.4305
--------------------------------------------------------------------------------------

Absorbed degrees of freedom:
-----------------------------------------------------+
 Absorbed FE | Categories  - Redundant  = Num. Coefs |
-------------+---------------------------------------|
        week |        25           0          25     |
-----------------------------------------------------+
(file D:\PIX_Matheus\Stata\Output\ceara_fora_dentro_valor_flood.gph not found)
file D:\PIX_Matheus\Stata\Output\ceara_fora_dentro_valor_flood.gph could not be opened
r(603);

end of do-file

r(603);

. do "C:\Users\depep.matheuscs\AppData\Local\Temp\4\STD109c_000000.tmp"

. ****** Monta base juntando os vários dtas ******
. * 1) Abre arquivo Pix por transacao 
. * 2) Adiciona info de cadastro das IF/IP
. * 3) adiciona dados do municipio
. * Etc....
. 
. clear all

. set more off, permanently 
(set more preference recorded)

. set matsize 2000
set matsize ignored.
    Matrix sizes are no longer limited by c(matsize) in modern Statas.  Matrix sizes are now
    limited by edition of Stata.  See limits for more details.

. set emptycells drop

. 
. global log "D:\PIX_Matheus\Stata\log"

. global dta "D:\PIX_Matheus\Stata\dta"

. global output "D:\PIX_Matheus\Stata\Output"

. global origdata "D:\PIX_Matheus\DadosOriginais"

. 
. * ADO
. adopath ++ "D:\ado"
  [1]              "D:\ado"
  [2]              "D:\ADO\cem\"
  [3]              "D:\ADO\"
  [4]              "D:\ADO\plus\"
  [5]              "D:\ADO"
  [6]  (BASE)      "\\sbcdfa92\Stata MP8\Stata17\ado\base/"
  [7]  (SITE)      "\\sbcdfa92\Stata MP8\Stata17\ado\site/"
  [8]              "."
  [9]  (PERSONAL)  "C:\Users\depep.matheuscs\ado\personal/"
  [10] (PLUS)      "C:\Users\depep.matheuscs\ado\plus/"
  [11] (OLDPLACE)  "c:\ado/"

. 
. capture log close
